  [1m[35m (10.8ms)[0m  [1m[35mCREATE TABLE "schema_migrations" ("version" varchar NOT NULL PRIMARY KEY)[0m
  [1m[35m (5.3ms)[0m  [1m[35mCREATE TABLE "ar_internal_metadata" ("key" varchar NOT NULL PRIMARY KEY, "value" varchar, "created_at" datetime(6) NOT NULL, "updated_at" datetime(6) NOT NULL)[0m
  [1m[36mActiveRecord::SchemaMigration Pluck (0.2ms)[0m  [1m[34mSELECT "schema_migrations"."version" FROM "schema_migrations" ORDER BY "schema_migrations"."version" ASC[0m
Migrating to DeviseCreateUsers (20230418092157)
  [1m[36mTRANSACTION (0.1ms)[0m  [1m[36mbegin transaction[0m
  [1m[35m (0.3ms)[0m  [1m[35mCREATE TABLE "users" ("id" integer PRIMARY KEY AUTOINCREMENT NOT NULL, "email" varchar DEFAULT '' NOT NULL, "encrypted_password" varchar DEFAULT '' NOT NULL, "reset_password_token" varchar, "reset_password_sent_at" datetime(6), "remember_created_at" datetime(6), "sign_in_count" integer DEFAULT 0 NOT NULL, "current_sign_in_at" datetime(6), "last_sign_in_at" datetime(6), "current_sign_in_ip" varchar, "last_sign_in_ip" varchar, "confirmation_token" varchar, "confirmed_at" datetime(6), "confirmation_sent_at" datetime(6), "unconfirmed_email" varchar, "created_at" datetime(6) NOT NULL, "updated_at" datetime(6) NOT NULL)[0m
  [1m[35m (0.5ms)[0m  [1m[35mCREATE UNIQUE INDEX "index_users_on_email" ON "users" ("email")[0m
  [1m[35m (0.2ms)[0m  [1m[35mCREATE UNIQUE INDEX "index_users_on_reset_password_token" ON "users" ("reset_password_token")[0m
  [1m[36mActiveRecord::SchemaMigration Create (0.2ms)[0m  [1m[32mINSERT INTO "schema_migrations" ("version") VALUES (?)[0m  [["version", "20230418092157"]]
  [1m[36mTRANSACTION (5.2ms)[0m  [1m[36mcommit transaction[0m
Migrating to AddSessionsTable (20230418092158)
  [1m[36mTRANSACTION (0.1ms)[0m  [1m[36mbegin transaction[0m
  [1m[35m (0.3ms)[0m  [1m[35mCREATE TABLE "sessions" ("id" integer PRIMARY KEY AUTOINCREMENT NOT NULL, "session_id" varchar NOT NULL, "data" text, "created_at" datetime(6) NOT NULL, "updated_at" datetime(6) NOT NULL)[0m
  [1m[35m (0.3ms)[0m  [1m[35mCREATE UNIQUE INDEX "index_sessions_on_session_id" ON "sessions" ("session_id")[0m
  [1m[35m (0.2ms)[0m  [1m[35mCREATE INDEX "index_sessions_on_updated_at" ON "sessions" ("updated_at")[0m
  [1m[36mActiveRecord::SchemaMigration Create (0.2ms)[0m  [1m[32mINSERT INTO "schema_migrations" ("version") VALUES (?)[0m  [["version", "20230418092158"]]
  [1m[36mTRANSACTION (5.4ms)[0m  [1m[36mcommit transaction[0m
Migrating to CreateTenants (20230503135456)
  [1m[36mTRANSACTION (0.1ms)[0m  [1m[36mbegin transaction[0m
  [1m[35m (0.3ms)[0m  [1m[35mCREATE TABLE "tenants" ("id" integer PRIMARY KEY AUTOINCREMENT NOT NULL, "name" varchar, "plan" varchar, "created_at" datetime(6) NOT NULL, "updated_at" datetime(6) NOT NULL)[0m
  [1m[36mActiveRecord::SchemaMigration Create (0.1ms)[0m  [1m[32mINSERT INTO "schema_migrations" ("version") VALUES (?)[0m  [["version", "20230503135456"]]
  [1m[36mTRANSACTION (5.2ms)[0m  [1m[36mcommit transaction[0m
Migrating to TenantsUsers (20230503135724)
  [1m[36mTRANSACTION (0.1ms)[0m  [1m[36mbegin transaction[0m
  [1m[35m (0.2ms)[0m  [1m[35mDROP TABLE IF EXISTS "tenants_users"[0m
  [1m[35m (0.3ms)[0m  [1m[35mCREATE TABLE "tenants_users" ("tenant_id" integer NOT NULL, "user_id" integer NOT NULL)[0m
  [1m[35m (0.2ms)[0m  [1m[35mCREATE INDEX "index_tenants_users_on_tenant_id_and_user_id" ON "tenants_users" ("tenant_id", "user_id")[0m
  [1m[36mActiveRecord::SchemaMigration Create (0.2ms)[0m  [1m[32mINSERT INTO "schema_migrations" ("version") VALUES (?)[0m  [["version", "20230503135724"]]
  [1m[36mTRANSACTION (5.0ms)[0m  [1m[36mcommit transaction[0m
Migrating to AddIsAdminColumnToUsers (20230606141835)
  [1m[36mTRANSACTION (0.1ms)[0m  [1m[36mbegin transaction[0m
  [1m[35m (0.5ms)[0m  [1m[35mALTER TABLE "users" ADD "is_admin" boolean DEFAULT 0[0m
  [1m[36mActiveRecord::SchemaMigration Create (0.1ms)[0m  [1m[32mINSERT INTO "schema_migrations" ("version") VALUES (?)[0m  [["version", "20230606141835"]]
  [1m[36mTRANSACTION (4.1ms)[0m  [1m[36mcommit transaction[0m
Migrating to AddSkipConfirmChangePasswordToUsers (20230606143041)
  [1m[36mTRANSACTION (0.1ms)[0m  [1m[36mbegin transaction[0m
  [1m[35m (0.4ms)[0m  [1m[35mALTER TABLE "users" ADD "skip_confirm_change_password" boolean DEFAULT 0[0m
  [1m[36mActiveRecord::SchemaMigration Create (0.1ms)[0m  [1m[32mINSERT INTO "schema_migrations" ("version") VALUES (?)[0m  [["version", "20230606143041"]]
  [1m[36mTRANSACTION (4.0ms)[0m  [1m[36mcommit transaction[0m
Migrating to CreateMembers (20230606144343)
  [1m[36mTRANSACTION (0.1ms)[0m  [1m[36mbegin transaction[0m
  [1m[35m (0.5ms)[0m  [1m[35mCREATE TABLE "members" ("id" integer PRIMARY KEY AUTOINCREMENT NOT NULL, "tenant_id" integer, "user_id" integer, "first_name" varchar, "last_name" varchar, "created_at" datetime(6) NOT NULL, "updated_at" datetime(6) NOT NULL, CONSTRAINT "fk_rails_4e4771d44b"
FOREIGN KEY ("tenant_id")
  REFERENCES "tenants" ("id")
, CONSTRAINT "fk_rails_2e88fb7ce9"
FOREIGN KEY ("user_id")
  REFERENCES "users" ("id")
)[0m
  [1m[35m (0.2ms)[0m  [1m[35mCREATE INDEX "index_members_on_tenant_id" ON "members" ("tenant_id")[0m
  [1m[35m (0.1ms)[0m  [1m[35mCREATE INDEX "index_members_on_user_id" ON "members" ("user_id")[0m
  [1m[36mActiveRecord::SchemaMigration Create (0.1ms)[0m  [1m[32mINSERT INTO "schema_migrations" ("version") VALUES (?)[0m  [["version", "20230606144343"]]
  [1m[36mTRANSACTION (5.0ms)[0m  [1m[36mcommit transaction[0m
Migrating to CreateProjects (20230620141737)
  [1m[36mTRANSACTION (0.1ms)[0m  [1m[36mbegin transaction[0m
  [1m[35m (0.3ms)[0m  [1m[35mCREATE TABLE "projects" ("id" integer PRIMARY KEY AUTOINCREMENT NOT NULL, "title" varchar, "details" varchar, "expected_completion_date" date, "tenant_id" integer NOT NULL, "created_at" datetime(6) NOT NULL, "updated_at" datetime(6) NOT NULL, CONSTRAINT "fk_rails_c6b5275ea1"
FOREIGN KEY ("tenant_id")
  REFERENCES "tenants" ("id")
)[0m
  [1m[35m (0.1ms)[0m  [1m[35mCREATE INDEX "index_projects_on_tenant_id" ON "projects" ("tenant_id")[0m
  [1m[36mActiveRecord::SchemaMigration Create (0.2ms)[0m  [1m[32mINSERT INTO "schema_migrations" ("version") VALUES (?)[0m  [["version", "20230620141737"]]
  [1m[36mTRANSACTION (5.0ms)[0m  [1m[36mcommit transaction[0m
Migrating to CreateArtifacts (20230622134521)
  [1m[36mTRANSACTION (0.1ms)[0m  [1m[36mbegin transaction[0m
  [1m[35m (0.4ms)[0m  [1m[35mCREATE TABLE "artifacts" ("id" integer PRIMARY KEY AUTOINCREMENT NOT NULL, "name" varchar, "key" varchar, "project_id" integer NOT NULL, "created_at" datetime(6) NOT NULL, "updated_at" datetime(6) NOT NULL, CONSTRAINT "fk_rails_e377d90c10"
FOREIGN KEY ("project_id")
  REFERENCES "projects" ("id")
)[0m
  [1m[35m (0.2ms)[0m  [1m[35mCREATE INDEX "index_artifacts_on_project_id" ON "artifacts" ("project_id")[0m
  [1m[36mActiveRecord::SchemaMigration Create (0.2ms)[0m  [1m[32mINSERT INTO "schema_migrations" ("version") VALUES (?)[0m  [["version", "20230622134521"]]
  [1m[36mTRANSACTION (5.0ms)[0m  [1m[36mcommit transaction[0m
Migrating to CreatePayments (20230626083354)
  [1m[36mTRANSACTION (0.1ms)[0m  [1m[36mbegin transaction[0m
  [1m[35m (0.3ms)[0m  [1m[35mCREATE TABLE "payments" ("id" integer PRIMARY KEY AUTOINCREMENT NOT NULL, "email" varchar, "token" varchar, "tenant_id" integer NOT NULL, "created_at" datetime(6) NOT NULL, "updated_at" datetime(6) NOT NULL, CONSTRAINT "fk_rails_37fe743ccd"
FOREIGN KEY ("tenant_id")
  REFERENCES "tenants" ("id")
)[0m
  [1m[35m (0.1ms)[0m  [1m[35mCREATE INDEX "index_payments_on_tenant_id" ON "payments" ("tenant_id")[0m
  [1m[36mActiveRecord::SchemaMigration Create (0.2ms)[0m  [1m[32mINSERT INTO "schema_migrations" ("version") VALUES (?)[0m  [["version", "20230626083354"]]
  [1m[36mTRANSACTION (5.1ms)[0m  [1m[36mcommit transaction[0m
Migrating to CreateUserProjects (20230630101553)
  [1m[36mTRANSACTION (0.1ms)[0m  [1m[36mbegin transaction[0m
  [1m[35m (0.4ms)[0m  [1m[35mCREATE TABLE "user_projects" ("id" integer PRIMARY KEY AUTOINCREMENT NOT NULL, "project_id" integer NOT NULL, "user_id" integer NOT NULL, "created_at" datetime(6) NOT NULL, "updated_at" datetime(6) NOT NULL, CONSTRAINT "fk_rails_f58e9073ce"
FOREIGN KEY ("project_id")
  REFERENCES "projects" ("id")
, CONSTRAINT "fk_rails_d19c0da646"
FOREIGN KEY ("user_id")
  REFERENCES "users" ("id")
)[0m
  [1m[35m (0.2ms)[0m  [1m[35mCREATE INDEX "index_user_projects_on_project_id" ON "user_projects" ("project_id")[0m
  [1m[35m (0.2ms)[0m  [1m[35mCREATE INDEX "index_user_projects_on_user_id" ON "user_projects" ("user_id")[0m
  [1m[36mActiveRecord::SchemaMigration Create (0.2ms)[0m  [1m[32mINSERT INTO "schema_migrations" ("version") VALUES (?)[0m  [["version", "20230630101553"]]
  [1m[36mTRANSACTION (5.0ms)[0m  [1m[36mcommit transaction[0m
  [1m[36mActiveRecord::InternalMetadata Load (0.2ms)[0m  [1m[34mSELECT "ar_internal_metadata".* FROM "ar_internal_metadata" WHERE "ar_internal_metadata"."key" = ? LIMIT ?[0m  [["key", "environment"], ["LIMIT", 1]]
  [1m[36mTRANSACTION (0.1ms)[0m  [1m[36mbegin transaction[0m
  [1m[36mActiveRecord::InternalMetadata Create (0.2ms)[0m  [1m[32mINSERT INTO "ar_internal_metadata" ("key", "value", "created_at", "updated_at") VALUES (?, ?, ?, ?)[0m  [["key", "environment"], ["value", "development"], ["created_at", "2023-07-19 05:54:15.077971"], ["updated_at", "2023-07-19 05:54:15.077971"]]
  [1m[36mTRANSACTION (3.7ms)[0m  [1m[36mcommit transaction[0m
  [1m[36mActiveRecord::SchemaMigration Pluck (0.2ms)[0m  [1m[34mSELECT "schema_migrations"."version" FROM "schema_migrations" ORDER BY "schema_migrations"."version" ASC[0m
Started GET "/" for 127.0.0.1 at 2023-07-19 11:24:30 +0530
  [1m[36mActiveRecord::SchemaMigration Pluck (0.2ms)[0m  [1m[34mSELECT "schema_migrations"."version" FROM "schema_migrations" ORDER BY "schema_migrations"."version" ASC[0m
Processing by HomeController#index as HTML
  Rendering layout layouts/application.html.erb
  Rendering home/index.html.erb within layouts/application
  Rendered home/index.html.erb within layouts/application (Duration: 2.5ms | Allocations: 1028)
  Rendered common/_navbar.html.erb (Duration: 1.0ms | Allocations: 577)
  Rendered layout layouts/application.html.erb (Duration: 8789.9ms | Allocations: 206527)
Completed 200 OK in 8827ms (Views: 8795.8ms | ActiveRecord: 0.0ms | Allocations: 216719)


Started GET "/" for 127.0.0.1 at 2023-07-19 11:24:47 +0530
Processing by HomeController#index as HTML
  Rendering layout layouts/application.html.erb
  Rendering home/index.html.erb within layouts/application
  Rendered home/index.html.erb within layouts/application (Duration: 0.5ms | Allocations: 178)
  Rendered common/_navbar.html.erb (Duration: 0.2ms | Allocations: 139)
  Rendered layout layouts/application.html.erb (Duration: 14.9ms | Allocations: 7075)
Completed 200 OK in 17ms (Views: 15.5ms | ActiveRecord: 0.0ms | Allocations: 7873)


Started GET "/users/sign_up?plan=free" for 127.0.0.1 at 2023-07-19 11:24:54 +0530
Processing by RegistrationsController#new as HTML
  Parameters: {"plan"=>"free"}
  Rendering layout layouts/application.html.erb
  Rendering devise/registrations/new.html.erb within layouts/application
  Rendered devise/shared/_links.html.erb (Duration: 1.3ms | Allocations: 684)
  Rendered devise/registrations/new.html.erb within layouts/application (Duration: 23.0ms | Allocations: 7995)
  Rendered common/_navbar.html.erb (Duration: 0.5ms | Allocations: 190)
  Rendered layout layouts/application.html.erb (Duration: 37.5ms | Allocations: 15074)
Completed 200 OK in 66ms (Views: 40.6ms | ActiveRecord: 1.1ms | Allocations: 27895)


Started POST "/users" for 127.0.0.1 at 2023-07-19 11:25:06 +0530
Processing by RegistrationsController#create as TURBO_STREAM
  Parameters: {"authenticity_token"=>"[FILTERED]", "user"=>{"email"=>"abhishek.sharma@w3villa.com", "password"=>"[FILTERED]", "password_confirmation"=>"[FILTERED]"}, "tenant"=>{"name"=>"w3villa", "plan"=>"free"}, "payment"=>{"card_number"=>"", "card_cvv"=>"", "card_expires_month"=>"", "card_expires_year"=>""}, "commit"=>"Sign up"}
  [1m[36mTRANSACTION (0.1ms)[0m  [1m[36mbegin transaction[0m
  ↳ app/controllers/registrations_controller.rb:30:in `block in create'
  [1m[36mTenant Exists? (0.2ms)[0m  [1m[34mSELECT 1 AS one FROM "tenants" WHERE "tenants"."name" = ? LIMIT ?[0m  [["name", "w3villa"], ["LIMIT", 1]]
  ↳ app/controllers/registrations_controller.rb:30:in `block in create'
  [1m[36mTenant Create (0.2ms)[0m  [1m[32mINSERT INTO "tenants" ("name", "plan", "created_at", "updated_at") VALUES (?, ?, ?, ?)[0m  [["name", "w3villa"], ["plan", "free"], ["created_at", "2023-07-19 05:55:06.342890"], ["updated_at", "2023-07-19 05:55:06.342890"]]
  ↳ app/controllers/registrations_controller.rb:30:in `block in create'
  [1m[36mUser Exists? (0.3ms)[0m  [1m[34mSELECT 1 AS one FROM "users" WHERE "users"."email" = ? LIMIT ?[0m  [["email", "abhishek.sharma@w3villa.com"], ["LIMIT", 1]]
  ↳ app/controllers/registrations_controller.rb:135:in `devise_create'
  [1m[36mTenant Exists? (0.1ms)[0m  [1m[34mSELECT 1 AS one FROM "tenants" WHERE "tenants"."name" = ? AND "tenants"."id" != ? LIMIT ?[0m  [["name", "w3villa"], ["id", 1], ["LIMIT", 1]]
  ↳ app/controllers/registrations_controller.rb:135:in `devise_create'
  [1m[36mUser Create (0.2ms)[0m  [1m[32mINSERT INTO "users" ("email", "encrypted_password", "reset_password_token", "reset_password_sent_at", "remember_created_at", "sign_in_count", "current_sign_in_at", "last_sign_in_at", "current_sign_in_ip", "last_sign_in_ip", "confirmation_token", "confirmed_at", "confirmation_sent_at", "unconfirmed_email", "created_at", "updated_at", "is_admin", "skip_confirm_change_password") VALUES (?, ?, ?, ?, ?, ?, ?, ?, ?, ?, ?, ?, ?, ?, ?, ?, ?, ?)[0m  [["email", "abhishek.sharma@w3villa.com"], ["encrypted_password", "[FILTERED]"], ["reset_password_token", "[FILTERED]"], ["reset_password_sent_at", "[FILTERED]"], ["remember_created_at", nil], ["sign_in_count", 0], ["current_sign_in_at", nil], ["last_sign_in_at", nil], ["current_sign_in_ip", nil], ["last_sign_in_ip", nil], ["confirmation_token", "[FILTERED]"], ["confirmed_at", nil], ["confirmation_sent_at", nil], ["unconfirmed_email", nil], ["created_at", "2023-07-19 05:55:06.642893"], ["updated_at", "2023-07-19 05:55:06.642893"], ["is_admin", 1], ["skip_confirm_change_password", "[FILTERED]"]]
  ↳ app/controllers/registrations_controller.rb:135:in `devise_create'
  [1m[36mUser::HABTM_Tenants Create (0.2ms)[0m  [1m[32mINSERT INTO "tenants_users" ("tenant_id", "user_id") VALUES (?, ?)[0m  [["tenant_id", 1], ["user_id", 1]]
  ↳ app/controllers/registrations_controller.rb:135:in `devise_create'
MILIA >>>>> [register user/org] devise: signup user success - 
  [1m[36mUser Update (0.1ms)[0m  [1m[33mUPDATE "users" SET "sign_in_count" = ?, "current_sign_in_at" = ?, "last_sign_in_at" = ?, "current_sign_in_ip" = ?, "last_sign_in_ip" = ?, "updated_at" = ? WHERE "users"."id" = ?[0m  [["sign_in_count", 1], ["current_sign_in_at", "2023-07-19 05:55:06.648033"], ["last_sign_in_at", "2023-07-19 05:55:06.648033"], ["current_sign_in_ip", "127.0.0.1"], ["last_sign_in_ip", "127.0.0.1"], ["updated_at", "2023-07-19 05:55:06.648245"], ["id", 1]]
  ↳ app/controllers/registrations_controller.rb:140:in `devise_create'
Redirected to http://127.0.0.1:3000/
  [1m[36mTRANSACTION (5.7ms)[0m  [1m[36mcommit transaction[0m
  ↳ app/controllers/registrations_controller.rb:29:in `create'
Completed 303 See Other in 612ms (ActiveRecord: 8.1ms | Allocations: 32680)


Started GET "/" for 127.0.0.1 at 2023-07-19 11:25:06 +0530
Processing by HomeController#index as TURBO_STREAM
  [1m[36mUser Load (0.3ms)[0m  [1m[34mSELECT "users".* FROM "users" WHERE "users"."id" = ? ORDER BY "users"."id" ASC LIMIT ?[0m  [["id", 1], ["LIMIT", 1]]
  ↳ app/controllers/home_controller.rb:3:in `index'
  [1m[36mTenant Load (0.3ms)[0m  [1m[34mSELECT "tenants".* FROM "tenants" INNER JOIN "tenants_users" ON "tenants"."id" = "tenants_users"."tenant_id" WHERE "tenants_users"."user_id" = ? ORDER BY "tenants"."id" ASC LIMIT ?[0m  [["user_id", 1], ["LIMIT", 1]]
  ↳ app/controllers/application_controller.rb:5:in `current_tenant'
  [1m[36mTenant Load (0.2ms)[0m  [1m[34mSELECT "tenants".* FROM "tenants" WHERE "tenants"."id" = ? LIMIT ?[0m  [["id", 1], ["LIMIT", 1]]
  ↳ app/models/project.rb:16:in `by_user_plan_and_tenant'
  Rendering layout layouts/application.html.erb
  Rendering home/index.html.erb within layouts/application
  [1m[36mProject Count (0.2ms)[0m  [1m[34mSELECT COUNT(*) FROM (SELECT 1 AS one FROM "projects" WHERE "projects"."tenant_id" = ? ORDER BY "projects"."id" ASC LIMIT ?) subquery_for_count[0m  [["tenant_id", 1], ["LIMIT", 1]]
  ↳ app/views/projects/_list.html.erb:3
  [1m[36mProject Count (0.2ms)[0m  [1m[34mSELECT COUNT(*) FROM "projects" WHERE "projects"."tenant_id" = ?[0m  [["tenant_id", 1]]
  ↳ app/models/tenant.rb:12:in `can_create_project?'
  Rendered projects/_list.html.erb (Duration: 21.8ms | Allocations: 2070)
  Rendered home/index.html.erb within layouts/application (Duration: 27.9ms | Allocations: 2265)
  Rendered common/_navbar.html.erb (Duration: 1.0ms | Allocations: 493)
  Rendered layout layouts/application.html.erb (Duration: 83.9ms | Allocations: 9666)
Completed 200 OK in 148ms (Views: 84.1ms | ActiveRecord: 1.5ms | Allocations: 18439)


Started GET "/tenants/1/projects/new" for 127.0.0.1 at 2023-07-19 11:25:10 +0530
Processing by ProjectsController#new as HTML
  Parameters: {"tenant_id"=>"1"}
  [1m[36mUser Load (0.2ms)[0m  [1m[34mSELECT "users".* FROM "users" WHERE "users"."id" = ? ORDER BY "users"."id" ASC LIMIT ?[0m  [["id", 1], ["LIMIT", 1]]
  [1m[36mTenant Load (0.2ms)[0m  [1m[34mSELECT "tenants".* FROM "tenants" WHERE "tenants"."id" = ? LIMIT ?[0m  [["id", 1], ["LIMIT", 1]]
  ↳ app/controllers/projects_controller.rb:89:in `set_tenant'
  [1m[36mTenant Load (0.2ms)[0m  [1m[34mSELECT "tenants".* FROM "tenants" INNER JOIN "tenants_users" ON "tenants"."id" = "tenants_users"."tenant_id" WHERE "tenants_users"."user_id" = ? ORDER BY "tenants"."id" ASC LIMIT ?[0m  [["user_id", 1], ["LIMIT", 1]]
  ↳ app/controllers/application_controller.rb:5:in `current_tenant'
  Rendering layout layouts/application.html.erb
  Rendering projects/new.html.erb within layouts/application
  Rendered projects/_form.html.erb (Duration: 6.9ms | Allocations: 2782)
  Rendered projects/new.html.erb within layouts/application (Duration: 7.7ms | Allocations: 3091)
  Rendered common/_navbar.html.erb (Duration: 1.0ms | Allocations: 471)
  Rendered layout layouts/application.html.erb (Duration: 24.4ms | Allocations: 10477)
Completed 200 OK in 50ms (Views: 26.7ms | ActiveRecord: 1.2ms | Allocations: 17454)


Started POST "/tenants/1/projects" for 127.0.0.1 at 2023-07-19 11:25:36 +0530
Processing by ProjectsController#create as TURBO_STREAM
  Parameters: {"authenticity_token"=>"[FILTERED]", "project"=>{"title"=>"Super One", "details"=>"SuperOne Game ", "expected_completion_date"=>"2023-12-07", "tenant_id"=>"1"}, "commit"=>"Create Project", "tenant_id"=>"1"}
  [1m[36mUser Load (0.2ms)[0m  [1m[34mSELECT "users".* FROM "users" WHERE "users"."id" = ? ORDER BY "users"."id" ASC LIMIT ?[0m  [["id", 1], ["LIMIT", 1]]
  [1m[36mTenant Load (0.2ms)[0m  [1m[34mSELECT "tenants".* FROM "tenants" WHERE "tenants"."id" = ? LIMIT ?[0m  [["id", 1], ["LIMIT", 1]]
  ↳ app/controllers/projects_controller.rb:89:in `set_tenant'
  [1m[36mTenant Load (0.2ms)[0m  [1m[34mSELECT "tenants".* FROM "tenants" INNER JOIN "tenants_users" ON "tenants"."id" = "tenants_users"."tenant_id" WHERE "tenants_users"."user_id" = ? ORDER BY "tenants"."id" ASC LIMIT ?[0m  [["user_id", 1], ["LIMIT", 1]]
  ↳ app/controllers/application_controller.rb:5:in `current_tenant'
  [1m[36mTRANSACTION (0.1ms)[0m  [1m[36mbegin transaction[0m
  ↳ app/controllers/projects_controller.rb:30:in `block in create'
  [1m[36mTenant Load (0.1ms)[0m  [1m[34mSELECT "tenants".* FROM "tenants" WHERE "tenants"."id" = ? LIMIT ?[0m  [["id", 1], ["LIMIT", 1]]
  ↳ app/controllers/projects_controller.rb:30:in `block in create'
  [1m[36mProject Exists? (0.2ms)[0m  [1m[34mSELECT 1 AS one FROM "projects" WHERE "projects"."title" = ? LIMIT ?[0m  [["title", "Super One"], ["LIMIT", 1]]
  ↳ app/controllers/projects_controller.rb:30:in `block in create'
  [1m[36mProject Count (0.1ms)[0m  [1m[34mSELECT COUNT(*) FROM "projects" WHERE "projects"."tenant_id" = ?[0m  [["tenant_id", 1]]
  ↳ app/models/project.rb:10:in `free_plan_can_only_have_one_project'
  [1m[36mProject Create (0.4ms)[0m  [1m[32mINSERT INTO "projects" ("title", "details", "expected_completion_date", "tenant_id", "created_at", "updated_at") VALUES (?, ?, ?, ?, ?, ?)[0m  [["title", "Super One"], ["details", "SuperOne Game "], ["expected_completion_date", "2023-12-07"], ["tenant_id", 1], ["created_at", "2023-07-19 05:55:36.964654"], ["updated_at", "2023-07-19 05:55:36.964654"]]
  ↳ app/controllers/projects_controller.rb:30:in `block in create'
  [1m[36mUserProject Create (0.3ms)[0m  [1m[32mINSERT INTO "user_projects" ("project_id", "user_id", "created_at", "updated_at") VALUES (?, ?, ?, ?)[0m  [["project_id", 1], ["user_id", 1], ["created_at", "2023-07-19 05:55:36.968180"], ["updated_at", "2023-07-19 05:55:36.968180"]]
  ↳ app/controllers/projects_controller.rb:30:in `block in create'
  [1m[36mTRANSACTION (6.9ms)[0m  [1m[36mcommit transaction[0m
  ↳ app/controllers/projects_controller.rb:30:in `block in create'
Redirected to http://127.0.0.1:3000/
Completed 302 Found in 69ms (ActiveRecord: 9.5ms | Allocations: 19203)


Started GET "/" for 127.0.0.1 at 2023-07-19 11:25:36 +0530
Processing by HomeController#index as TURBO_STREAM
  [1m[36mUser Load (0.2ms)[0m  [1m[34mSELECT "users".* FROM "users" WHERE "users"."id" = ? ORDER BY "users"."id" ASC LIMIT ?[0m  [["id", 1], ["LIMIT", 1]]
  ↳ app/controllers/home_controller.rb:3:in `index'
  [1m[36mTenant Load (0.3ms)[0m  [1m[34mSELECT "tenants".* FROM "tenants" INNER JOIN "tenants_users" ON "tenants"."id" = "tenants_users"."tenant_id" WHERE "tenants_users"."user_id" = ? ORDER BY "tenants"."id" ASC LIMIT ?[0m  [["user_id", 1], ["LIMIT", 1]]
  ↳ app/controllers/application_controller.rb:5:in `current_tenant'
  [1m[36mTenant Load (0.1ms)[0m  [1m[34mSELECT "tenants".* FROM "tenants" WHERE "tenants"."id" = ? LIMIT ?[0m  [["id", 1], ["LIMIT", 1]]
  ↳ app/models/project.rb:16:in `by_user_plan_and_tenant'
  Rendering layout layouts/application.html.erb
  Rendering home/index.html.erb within layouts/application
  [1m[36mProject Count (0.2ms)[0m  [1m[34mSELECT COUNT(*) FROM (SELECT 1 AS one FROM "projects" WHERE "projects"."tenant_id" = ? ORDER BY "projects"."id" ASC LIMIT ?) subquery_for_count[0m  [["tenant_id", 1], ["LIMIT", 1]]
  ↳ app/views/projects/_list.html.erb:3
  [1m[36mProject Load (0.4ms)[0m  [1m[34mSELECT "projects".* FROM "projects" WHERE "projects"."tenant_id" = ? ORDER BY "projects"."id" ASC LIMIT ?[0m  [["tenant_id", 1], ["LIMIT", 1]]
  ↳ app/views/projects/_list.html.erb:14
  [1m[36mProject Count (0.2ms)[0m  [1m[34mSELECT COUNT(*) FROM "projects" WHERE "projects"."tenant_id" = ?[0m  [["tenant_id", 1]]
  ↳ app/models/tenant.rb:12:in `can_create_project?'
  Rendered projects/_list.html.erb (Duration: 8.4ms | Allocations: 2749)
  Rendered home/index.html.erb within layouts/application (Duration: 8.6ms | Allocations: 2825)
  Rendered common/_navbar.html.erb (Duration: 0.5ms | Allocations: 435)
  Rendered layout layouts/application.html.erb (Duration: 20.9ms | Allocations: 10141)
Completed 200 OK in 30ms (Views: 20.8ms | ActiveRecord: 1.3ms | Allocations: 13081)


Started GET "/tenants/1/projects/1/users" for 127.0.0.1 at 2023-07-19 11:25:39 +0530
Processing by ProjectsController#users as HTML
  Parameters: {"tenant_id"=>"1", "id"=>"1"}
  [1m[36mUser Load (0.2ms)[0m  [1m[34mSELECT "users".* FROM "users" WHERE "users"."id" = ? ORDER BY "users"."id" ASC LIMIT ?[0m  [["id", 1], ["LIMIT", 1]]
  [1m[36mProject Load (0.2ms)[0m  [1m[34mSELECT "projects".* FROM "projects" WHERE "projects"."id" = ? LIMIT ?[0m  [["id", 1], ["LIMIT", 1]]
  ↳ app/controllers/projects_controller.rb:80:in `set_project'
  [1m[36mTenant Load (0.2ms)[0m  [1m[34mSELECT "tenants".* FROM "tenants" WHERE "tenants"."id" = ? LIMIT ?[0m  [["id", 1], ["LIMIT", 1]]
  ↳ app/controllers/projects_controller.rb:89:in `set_tenant'
  [1m[36mTenant Load (0.2ms)[0m  [1m[34mSELECT "tenants".* FROM "tenants" INNER JOIN "tenants_users" ON "tenants"."id" = "tenants_users"."tenant_id" WHERE "tenants_users"."user_id" = ? ORDER BY "tenants"."id" ASC LIMIT ?[0m  [["user_id", 1], ["LIMIT", 1]]
  ↳ app/controllers/application_controller.rb:5:in `current_tenant'
  [1m[36mUser Load (0.2ms)[0m  [1m[34mSELECT "users".* FROM "users" INNER JOIN "user_projects" ON "users"."id" = "user_projects"."user_id" WHERE "user_projects"."project_id" = ?[0m  [["project_id", 1]]
  ↳ app/controllers/projects_controller.rb:61:in `users'
  [1m[36mUser Load (0.3ms)[0m  [1m[34mSELECT "users".* FROM "users" INNER JOIN "tenants_users" ON "tenants_users"."user_id" = "users"."id" INNER JOIN "tenants" ON "tenants"."id" = "tenants_users"."tenant_id" WHERE "users"."is_admin" = ? AND "tenants"."id" = ?[0m  [["is_admin", 1], ["id", 1]]
  ↳ app/controllers/projects_controller.rb:61:in `users'
  [1m[36mUser Load (0.2ms)[0m  [1m[34mSELECT "users".* FROM "users" INNER JOIN "tenants_users" ON "users"."id" = "tenants_users"."user_id" WHERE "tenants_users"."tenant_id" = ? AND "users"."is_admin" = ?[0m  [["tenant_id", 1], ["is_admin", 0]]
  ↳ app/controllers/projects_controller.rb:62:in `users'
  Rendering layout layouts/application.html.erb
  Rendering projects/users.html.erb within layouts/application
  Rendered projects/users.html.erb within layouts/application (Duration: 5.1ms | Allocations: 835)
  Rendered common/_navbar.html.erb (Duration: 0.5ms | Allocations: 457)
  Rendered layout layouts/application.html.erb (Duration: 19.3ms | Allocations: 8122)
Completed 200 OK in 41ms (Views: 19.7ms | ActiveRecord: 1.5ms | Allocations: 17167)


Started GET "/tenants/1/projects/1" for 127.0.0.1 at 2023-07-19 11:25:43 +0530
Processing by ProjectsController#show as HTML
  Parameters: {"tenant_id"=>"1", "id"=>"1"}
  [1m[36mUser Load (0.2ms)[0m  [1m[34mSELECT "users".* FROM "users" WHERE "users"."id" = ? ORDER BY "users"."id" ASC LIMIT ?[0m  [["id", 1], ["LIMIT", 1]]
  [1m[36mProject Load (0.2ms)[0m  [1m[34mSELECT "projects".* FROM "projects" WHERE "projects"."id" = ? LIMIT ?[0m  [["id", 1], ["LIMIT", 1]]
  ↳ app/controllers/projects_controller.rb:80:in `set_project'
  [1m[36mTenant Load (0.2ms)[0m  [1m[34mSELECT "tenants".* FROM "tenants" WHERE "tenants"."id" = ? LIMIT ?[0m  [["id", 1], ["LIMIT", 1]]
  ↳ app/controllers/projects_controller.rb:89:in `set_tenant'
  [1m[36mTenant Load (0.3ms)[0m  [1m[34mSELECT "tenants".* FROM "tenants" INNER JOIN "tenants_users" ON "tenants"."id" = "tenants_users"."tenant_id" WHERE "tenants_users"."user_id" = ? ORDER BY "tenants"."id" ASC LIMIT ?[0m  [["user_id", 1], ["LIMIT", 1]]
  ↳ app/controllers/application_controller.rb:5:in `current_tenant'
  Rendering layout layouts/application.html.erb
  Rendering projects/show.html.erb within layouts/application
  [1m[36mTenant Load (0.2ms)[0m  [1m[34mSELECT "tenants".* FROM "tenants" WHERE "tenants"."id" = ? LIMIT ?[0m  [["id", 1], ["LIMIT", 1]]
  ↳ app/helpers/application_helper.rb:35:in `tenant_name'
  [1m[36mArtifact Load (0.4ms)[0m  [1m[34mSELECT "artifacts".* FROM "artifacts" WHERE "artifacts"."project_id" = ?[0m  [["project_id", 1]]
  ↳ app/views/artifacts/_list.html.erb:10
  Rendered artifacts/_list.html.erb (Duration: 9.7ms | Allocations: 2535)
  Rendered projects/show.html.erb within layouts/application (Duration: 22.6ms | Allocations: 5659)
  Rendered common/_navbar.html.erb (Duration: 1.8ms | Allocations: 448)
  Rendered layout layouts/application.html.erb (Duration: 48.8ms | Allocations: 12916)
Completed 200 OK in 64ms (Views: 48.6ms | ActiveRecord: 2.0ms | Allocations: 16666)


Started GET "/" for 127.0.0.1 at 2023-07-19 11:25:51 +0530
Processing by HomeController#index as HTML
  [1m[36mUser Load (0.2ms)[0m  [1m[34mSELECT "users".* FROM "users" WHERE "users"."id" = ? ORDER BY "users"."id" ASC LIMIT ?[0m  [["id", 1], ["LIMIT", 1]]
  ↳ app/controllers/home_controller.rb:3:in `index'
  [1m[36mTenant Load (0.3ms)[0m  [1m[34mSELECT "tenants".* FROM "tenants" INNER JOIN "tenants_users" ON "tenants"."id" = "tenants_users"."tenant_id" WHERE "tenants_users"."user_id" = ? ORDER BY "tenants"."id" ASC LIMIT ?[0m  [["user_id", 1], ["LIMIT", 1]]
  ↳ app/controllers/application_controller.rb:5:in `current_tenant'
  [1m[36mTenant Load (0.2ms)[0m  [1m[34mSELECT "tenants".* FROM "tenants" WHERE "tenants"."id" = ? LIMIT ?[0m  [["id", 1], ["LIMIT", 1]]
  ↳ app/models/project.rb:16:in `by_user_plan_and_tenant'
  Rendering layout layouts/application.html.erb
  Rendering home/index.html.erb within layouts/application
  [1m[36mProject Count (0.2ms)[0m  [1m[34mSELECT COUNT(*) FROM (SELECT 1 AS one FROM "projects" WHERE "projects"."tenant_id" = ? ORDER BY "projects"."id" ASC LIMIT ?) subquery_for_count[0m  [["tenant_id", 1], ["LIMIT", 1]]
  ↳ app/views/projects/_list.html.erb:3
  [1m[36mProject Load (0.2ms)[0m  [1m[34mSELECT "projects".* FROM "projects" WHERE "projects"."tenant_id" = ? ORDER BY "projects"."id" ASC LIMIT ?[0m  [["tenant_id", 1], ["LIMIT", 1]]
  ↳ app/views/projects/_list.html.erb:14
  [1m[36mProject Count (0.3ms)[0m  [1m[34mSELECT COUNT(*) FROM "projects" WHERE "projects"."tenant_id" = ?[0m  [["tenant_id", 1]]
  ↳ app/models/tenant.rb:12:in `can_create_project?'
  Rendered projects/_list.html.erb (Duration: 9.8ms | Allocations: 2583)
  Rendered home/index.html.erb within layouts/application (Duration: 10.1ms | Allocations: 2650)
  Rendered common/_navbar.html.erb (Duration: 0.6ms | Allocations: 429)
  Rendered layout layouts/application.html.erb (Duration: 25.3ms | Allocations: 9773)
Completed 200 OK in 39ms (Views: 25.2ms | ActiveRecord: 1.4ms | Allocations: 12715)


Started GET "/tenants/1/projects/1" for 127.0.0.1 at 2023-07-19 11:25:53 +0530
Processing by ProjectsController#show as HTML
  Parameters: {"tenant_id"=>"1", "id"=>"1"}
  [1m[36mUser Load (0.2ms)[0m  [1m[34mSELECT "users".* FROM "users" WHERE "users"."id" = ? ORDER BY "users"."id" ASC LIMIT ?[0m  [["id", 1], ["LIMIT", 1]]
  [1m[36mProject Load (0.3ms)[0m  [1m[34mSELECT "projects".* FROM "projects" WHERE "projects"."id" = ? LIMIT ?[0m  [["id", 1], ["LIMIT", 1]]
  ↳ app/controllers/projects_controller.rb:80:in `set_project'
  [1m[36mTenant Load (0.2ms)[0m  [1m[34mSELECT "tenants".* FROM "tenants" WHERE "tenants"."id" = ? LIMIT ?[0m  [["id", 1], ["LIMIT", 1]]
  ↳ app/controllers/projects_controller.rb:89:in `set_tenant'
  [1m[36mTenant Load (0.2ms)[0m  [1m[34mSELECT "tenants".* FROM "tenants" INNER JOIN "tenants_users" ON "tenants"."id" = "tenants_users"."tenant_id" WHERE "tenants_users"."user_id" = ? ORDER BY "tenants"."id" ASC LIMIT ?[0m  [["user_id", 1], ["LIMIT", 1]]
  ↳ app/controllers/application_controller.rb:5:in `current_tenant'
  Rendering layout layouts/application.html.erb
  Rendering projects/show.html.erb within layouts/application
  [1m[36mTenant Load (0.2ms)[0m  [1m[34mSELECT "tenants".* FROM "tenants" WHERE "tenants"."id" = ? LIMIT ?[0m  [["id", 1], ["LIMIT", 1]]
  ↳ app/helpers/application_helper.rb:35:in `tenant_name'
  [1m[36mArtifact Load (0.2ms)[0m  [1m[34mSELECT "artifacts".* FROM "artifacts" WHERE "artifacts"."project_id" = ?[0m  [["project_id", 1]]
  ↳ app/views/artifacts/_list.html.erb:10
  Rendered artifacts/_list.html.erb (Duration: 3.0ms | Allocations: 818)
  Rendered projects/show.html.erb within layouts/application (Duration: 6.2ms | Allocations: 1854)
  Rendered common/_navbar.html.erb (Duration: 0.6ms | Allocations: 429)
  Rendered layout layouts/application.html.erb (Duration: 18.9ms | Allocations: 8979)
Completed 200 OK in 32ms (Views: 19.1ms | ActiveRecord: 1.1ms | Allocations: 12531)


Started GET "/tenants/1/projects/1/edit?project=1&tenant=1" for 127.0.0.1 at 2023-07-19 11:25:55 +0530
Processing by ProjectsController#edit as HTML
  Parameters: {"project"=>"1", "tenant"=>"1", "tenant_id"=>"1", "id"=>"1"}
  [1m[36mUser Load (0.1ms)[0m  [1m[34mSELECT "users".* FROM "users" WHERE "users"."id" = ? ORDER BY "users"."id" ASC LIMIT ?[0m  [["id", 1], ["LIMIT", 1]]
  [1m[36mProject Load (0.1ms)[0m  [1m[34mSELECT "projects".* FROM "projects" WHERE "projects"."id" = ? LIMIT ?[0m  [["id", 1], ["LIMIT", 1]]
  ↳ app/controllers/projects_controller.rb:80:in `set_project'
  [1m[36mTenant Load (0.1ms)[0m  [1m[34mSELECT "tenants".* FROM "tenants" WHERE "tenants"."id" = ? LIMIT ?[0m  [["id", 1], ["LIMIT", 1]]
  ↳ app/controllers/projects_controller.rb:89:in `set_tenant'
  [1m[36mTenant Load (0.2ms)[0m  [1m[34mSELECT "tenants".* FROM "tenants" INNER JOIN "tenants_users" ON "tenants"."id" = "tenants_users"."tenant_id" WHERE "tenants_users"."user_id" = ? ORDER BY "tenants"."id" ASC LIMIT ?[0m  [["user_id", 1], ["LIMIT", 1]]
  ↳ app/controllers/application_controller.rb:5:in `current_tenant'
  Rendering layout layouts/application.html.erb
  Rendering projects/edit.html.erb within layouts/application
  Rendered projects/_form.html.erb (Duration: 2.6ms | Allocations: 1496)
  Rendered projects/edit.html.erb within layouts/application (Duration: 3.5ms | Allocations: 1743)
  Rendered common/_navbar.html.erb (Duration: 0.5ms | Allocations: 429)
  Rendered layout layouts/application.html.erb (Duration: 15.4ms | Allocations: 8865)
Completed 200 OK in 22ms (Views: 15.9ms | ActiveRecord: 0.5ms | Allocations: 12448)


Started GET "/tenants/1/projects/1" for 127.0.0.1 at 2023-07-19 11:25:56 +0530
Processing by ProjectsController#show as HTML
  Parameters: {"tenant_id"=>"1", "id"=>"1"}
  [1m[36mUser Load (0.2ms)[0m  [1m[34mSELECT "users".* FROM "users" WHERE "users"."id" = ? ORDER BY "users"."id" ASC LIMIT ?[0m  [["id", 1], ["LIMIT", 1]]
  [1m[36mProject Load (0.2ms)[0m  [1m[34mSELECT "projects".* FROM "projects" WHERE "projects"."id" = ? LIMIT ?[0m  [["id", 1], ["LIMIT", 1]]
  ↳ app/controllers/projects_controller.rb:80:in `set_project'
  [1m[36mTenant Load (0.2ms)[0m  [1m[34mSELECT "tenants".* FROM "tenants" WHERE "tenants"."id" = ? LIMIT ?[0m  [["id", 1], ["LIMIT", 1]]
  ↳ app/controllers/projects_controller.rb:89:in `set_tenant'
  [1m[36mTenant Load (0.2ms)[0m  [1m[34mSELECT "tenants".* FROM "tenants" INNER JOIN "tenants_users" ON "tenants"."id" = "tenants_users"."tenant_id" WHERE "tenants_users"."user_id" = ? ORDER BY "tenants"."id" ASC LIMIT ?[0m  [["user_id", 1], ["LIMIT", 1]]
  ↳ app/controllers/application_controller.rb:5:in `current_tenant'
  Rendering layout layouts/application.html.erb
  Rendering projects/show.html.erb within layouts/application
  [1m[36mTenant Load (0.2ms)[0m  [1m[34mSELECT "tenants".* FROM "tenants" WHERE "tenants"."id" = ? LIMIT ?[0m  [["id", 1], ["LIMIT", 1]]
  ↳ app/helpers/application_helper.rb:35:in `tenant_name'
  [1m[36mArtifact Load (0.1ms)[0m  [1m[34mSELECT "artifacts".* FROM "artifacts" WHERE "artifacts"."project_id" = ?[0m  [["project_id", 1]]
  ↳ app/views/artifacts/_list.html.erb:10
  Rendered artifacts/_list.html.erb (Duration: 2.3ms | Allocations: 818)
  Rendered projects/show.html.erb within layouts/application (Duration: 4.9ms | Allocations: 1853)
  Rendered common/_navbar.html.erb (Duration: 1.0ms | Allocations: 429)
  Rendered layout layouts/application.html.erb (Duration: 18.3ms | Allocations: 8975)
Completed 200 OK in 31ms (Views: 19.0ms | ActiveRecord: 1.1ms | Allocations: 12513)


Started GET "/tenants/1/projects/1/users" for 127.0.0.1 at 2023-07-19 11:25:58 +0530
Processing by ProjectsController#users as HTML
  Parameters: {"tenant_id"=>"1", "id"=>"1"}
  [1m[36mUser Load (0.4ms)[0m  [1m[34mSELECT "users".* FROM "users" WHERE "users"."id" = ? ORDER BY "users"."id" ASC LIMIT ?[0m  [["id", 1], ["LIMIT", 1]]
  [1m[36mProject Load (0.3ms)[0m  [1m[34mSELECT "projects".* FROM "projects" WHERE "projects"."id" = ? LIMIT ?[0m  [["id", 1], ["LIMIT", 1]]
  ↳ app/controllers/projects_controller.rb:80:in `set_project'
  [1m[36mTenant Load (0.2ms)[0m  [1m[34mSELECT "tenants".* FROM "tenants" WHERE "tenants"."id" = ? LIMIT ?[0m  [["id", 1], ["LIMIT", 1]]
  ↳ app/controllers/projects_controller.rb:89:in `set_tenant'
  [1m[36mTenant Load (0.2ms)[0m  [1m[34mSELECT "tenants".* FROM "tenants" INNER JOIN "tenants_users" ON "tenants"."id" = "tenants_users"."tenant_id" WHERE "tenants_users"."user_id" = ? ORDER BY "tenants"."id" ASC LIMIT ?[0m  [["user_id", 1], ["LIMIT", 1]]
  ↳ app/controllers/application_controller.rb:5:in `current_tenant'
  [1m[36mUser Load (0.4ms)[0m  [1m[34mSELECT "users".* FROM "users" INNER JOIN "user_projects" ON "users"."id" = "user_projects"."user_id" WHERE "user_projects"."project_id" = ?[0m  [["project_id", 1]]
  ↳ app/controllers/projects_controller.rb:61:in `users'
  [1m[36mUser Load (0.2ms)[0m  [1m[34mSELECT "users".* FROM "users" INNER JOIN "tenants_users" ON "tenants_users"."user_id" = "users"."id" INNER JOIN "tenants" ON "tenants"."id" = "tenants_users"."tenant_id" WHERE "users"."is_admin" = ? AND "tenants"."id" = ?[0m  [["is_admin", 1], ["id", 1]]
  ↳ app/controllers/projects_controller.rb:61:in `users'
  [1m[36mUser Load (0.1ms)[0m  [1m[34mSELECT "users".* FROM "users" INNER JOIN "tenants_users" ON "users"."id" = "tenants_users"."user_id" WHERE "tenants_users"."tenant_id" = ? AND "users"."is_admin" = ?[0m  [["tenant_id", 1], ["is_admin", 0]]
  ↳ app/controllers/projects_controller.rb:62:in `users'
  Rendering layout layouts/application.html.erb
  Rendering projects/users.html.erb within layouts/application
  Rendered projects/users.html.erb within layouts/application (Duration: 0.7ms | Allocations: 282)
  Rendered common/_navbar.html.erb (Duration: 1.0ms | Allocations: 430)
  Rendered layout layouts/application.html.erb (Duration: 15.9ms | Allocations: 7405)
Completed 200 OK in 45ms (Views: 16.5ms | ActiveRecord: 1.8ms | Allocations: 13400)


Started GET "/tenants/1/projects/1" for 127.0.0.1 at 2023-07-19 11:25:59 +0530
Processing by ProjectsController#show as HTML
  Parameters: {"tenant_id"=>"1", "id"=>"1"}
  [1m[36mUser Load (0.4ms)[0m  [1m[34mSELECT "users".* FROM "users" WHERE "users"."id" = ? ORDER BY "users"."id" ASC LIMIT ?[0m  [["id", 1], ["LIMIT", 1]]
  [1m[36mProject Load (0.3ms)[0m  [1m[34mSELECT "projects".* FROM "projects" WHERE "projects"."id" = ? LIMIT ?[0m  [["id", 1], ["LIMIT", 1]]
  ↳ app/controllers/projects_controller.rb:80:in `set_project'
  [1m[36mTenant Load (0.2ms)[0m  [1m[34mSELECT "tenants".* FROM "tenants" WHERE "tenants"."id" = ? LIMIT ?[0m  [["id", 1], ["LIMIT", 1]]
  ↳ app/controllers/projects_controller.rb:89:in `set_tenant'
  [1m[36mTenant Load (0.4ms)[0m  [1m[34mSELECT "tenants".* FROM "tenants" INNER JOIN "tenants_users" ON "tenants"."id" = "tenants_users"."tenant_id" WHERE "tenants_users"."user_id" = ? ORDER BY "tenants"."id" ASC LIMIT ?[0m  [["user_id", 1], ["LIMIT", 1]]
  ↳ app/controllers/application_controller.rb:5:in `current_tenant'
  Rendering layout layouts/application.html.erb
  Rendering projects/show.html.erb within layouts/application
  [1m[36mTenant Load (0.3ms)[0m  [1m[34mSELECT "tenants".* FROM "tenants" WHERE "tenants"."id" = ? LIMIT ?[0m  [["id", 1], ["LIMIT", 1]]
  ↳ app/helpers/application_helper.rb:35:in `tenant_name'
  [1m[36mArtifact Load (0.6ms)[0m  [1m[34mSELECT "artifacts".* FROM "artifacts" WHERE "artifacts"."project_id" = ?[0m  [["project_id", 1]]
  ↳ app/views/artifacts/_list.html.erb:10
  Rendered artifacts/_list.html.erb (Duration: 4.2ms | Allocations: 818)
  Rendered projects/show.html.erb within layouts/application (Duration: 8.7ms | Allocations: 1853)
  Rendered common/_navbar.html.erb (Duration: 0.6ms | Allocations: 429)
  Rendered layout layouts/application.html.erb (Duration: 41.8ms | Allocations: 8983)
Completed 200 OK in 71ms (Views: 42.2ms | ActiveRecord: 2.3ms | Allocations: 12546)


Started GET "/" for 127.0.0.1 at 2023-07-19 11:26:01 +0530
Processing by HomeController#index as HTML
  [1m[36mUser Load (0.4ms)[0m  [1m[34mSELECT "users".* FROM "users" WHERE "users"."id" = ? ORDER BY "users"."id" ASC LIMIT ?[0m  [["id", 1], ["LIMIT", 1]]
  ↳ app/controllers/home_controller.rb:3:in `index'
  [1m[36mTenant Load (0.6ms)[0m  [1m[34mSELECT "tenants".* FROM "tenants" INNER JOIN "tenants_users" ON "tenants"."id" = "tenants_users"."tenant_id" WHERE "tenants_users"."user_id" = ? ORDER BY "tenants"."id" ASC LIMIT ?[0m  [["user_id", 1], ["LIMIT", 1]]
  ↳ app/controllers/application_controller.rb:5:in `current_tenant'
  [1m[36mTenant Load (0.2ms)[0m  [1m[34mSELECT "tenants".* FROM "tenants" WHERE "tenants"."id" = ? LIMIT ?[0m  [["id", 1], ["LIMIT", 1]]
  ↳ app/models/project.rb:16:in `by_user_plan_and_tenant'
  Rendering layout layouts/application.html.erb
  Rendering home/index.html.erb within layouts/application
  [1m[36mProject Count (0.4ms)[0m  [1m[34mSELECT COUNT(*) FROM (SELECT 1 AS one FROM "projects" WHERE "projects"."tenant_id" = ? ORDER BY "projects"."id" ASC LIMIT ?) subquery_for_count[0m  [["tenant_id", 1], ["LIMIT", 1]]
  ↳ app/views/projects/_list.html.erb:3
  [1m[36mProject Load (0.2ms)[0m  [1m[34mSELECT "projects".* FROM "projects" WHERE "projects"."tenant_id" = ? ORDER BY "projects"."id" ASC LIMIT ?[0m  [["tenant_id", 1], ["LIMIT", 1]]
  ↳ app/views/projects/_list.html.erb:14
  [1m[36mProject Count (0.2ms)[0m  [1m[34mSELECT COUNT(*) FROM "projects" WHERE "projects"."tenant_id" = ?[0m  [["tenant_id", 1]]
  ↳ app/models/tenant.rb:12:in `can_create_project?'
  Rendered projects/_list.html.erb (Duration: 15.9ms | Allocations: 2734)
  Rendered home/index.html.erb within layouts/application (Duration: 16.3ms | Allocations: 2800)
  Rendered common/_navbar.html.erb (Duration: 0.5ms | Allocations: 429)
  Rendered layout layouts/application.html.erb (Duration: 28.4ms | Allocations: 9931)
Completed 200 OK in 47ms (Views: 28.5ms | ActiveRecord: 2.0ms | Allocations: 12720)


Started GET "/tenants/1/projects/1/edit" for 127.0.0.1 at 2023-07-19 11:26:04 +0530
Processing by ProjectsController#edit as HTML
  Parameters: {"tenant_id"=>"1", "id"=>"1"}
  [1m[36mUser Load (0.2ms)[0m  [1m[34mSELECT "users".* FROM "users" WHERE "users"."id" = ? ORDER BY "users"."id" ASC LIMIT ?[0m  [["id", 1], ["LIMIT", 1]]
  [1m[36mProject Load (0.1ms)[0m  [1m[34mSELECT "projects".* FROM "projects" WHERE "projects"."id" = ? LIMIT ?[0m  [["id", 1], ["LIMIT", 1]]
  ↳ app/controllers/projects_controller.rb:80:in `set_project'
  [1m[36mTenant Load (0.1ms)[0m  [1m[34mSELECT "tenants".* FROM "tenants" WHERE "tenants"."id" = ? LIMIT ?[0m  [["id", 1], ["LIMIT", 1]]
  ↳ app/controllers/projects_controller.rb:89:in `set_tenant'
  [1m[36mTenant Load (0.3ms)[0m  [1m[34mSELECT "tenants".* FROM "tenants" INNER JOIN "tenants_users" ON "tenants"."id" = "tenants_users"."tenant_id" WHERE "tenants_users"."user_id" = ? ORDER BY "tenants"."id" ASC LIMIT ?[0m  [["user_id", 1], ["LIMIT", 1]]
  ↳ app/controllers/application_controller.rb:5:in `current_tenant'
  Rendering layout layouts/application.html.erb
  Rendering projects/edit.html.erb within layouts/application
  Rendered projects/_form.html.erb (Duration: 2.1ms | Allocations: 1425)
  Rendered projects/edit.html.erb within layouts/application (Duration: 2.5ms | Allocations: 1533)
  Rendered common/_navbar.html.erb (Duration: 0.8ms | Allocations: 429)
  Rendered layout layouts/application.html.erb (Duration: 12.2ms | Allocations: 8655)
Completed 200 OK in 23ms (Views: 12.7ms | ActiveRecord: 0.8ms | Allocations: 12185)


Started GET "/" for 127.0.0.1 at 2023-07-19 11:26:06 +0530
Processing by HomeController#index as HTML
  [1m[36mUser Load (0.3ms)[0m  [1m[34mSELECT "users".* FROM "users" WHERE "users"."id" = ? ORDER BY "users"."id" ASC LIMIT ?[0m  [["id", 1], ["LIMIT", 1]]
  ↳ app/controllers/home_controller.rb:3:in `index'
  [1m[36mTenant Load (0.3ms)[0m  [1m[34mSELECT "tenants".* FROM "tenants" INNER JOIN "tenants_users" ON "tenants"."id" = "tenants_users"."tenant_id" WHERE "tenants_users"."user_id" = ? ORDER BY "tenants"."id" ASC LIMIT ?[0m  [["user_id", 1], ["LIMIT", 1]]
  ↳ app/controllers/application_controller.rb:5:in `current_tenant'
  [1m[36mTenant Load (0.3ms)[0m  [1m[34mSELECT "tenants".* FROM "tenants" WHERE "tenants"."id" = ? LIMIT ?[0m  [["id", 1], ["LIMIT", 1]]
  ↳ app/models/project.rb:16:in `by_user_plan_and_tenant'
  Rendering layout layouts/application.html.erb
  Rendering home/index.html.erb within layouts/application
  [1m[36mProject Count (0.2ms)[0m  [1m[34mSELECT COUNT(*) FROM (SELECT 1 AS one FROM "projects" WHERE "projects"."tenant_id" = ? ORDER BY "projects"."id" ASC LIMIT ?) subquery_for_count[0m  [["tenant_id", 1], ["LIMIT", 1]]
  ↳ app/views/projects/_list.html.erb:3
  [1m[36mProject Load (0.2ms)[0m  [1m[34mSELECT "projects".* FROM "projects" WHERE "projects"."tenant_id" = ? ORDER BY "projects"."id" ASC LIMIT ?[0m  [["tenant_id", 1], ["LIMIT", 1]]
  ↳ app/views/projects/_list.html.erb:14
  [1m[36mProject Count (0.3ms)[0m  [1m[34mSELECT COUNT(*) FROM "projects" WHERE "projects"."tenant_id" = ?[0m  [["tenant_id", 1]]
  ↳ app/models/tenant.rb:12:in `can_create_project?'
  Rendered projects/_list.html.erb (Duration: 8.1ms | Allocations: 2557)
  Rendered home/index.html.erb within layouts/application (Duration: 8.4ms | Allocations: 2623)
  Rendered common/_navbar.html.erb (Duration: 0.7ms | Allocations: 429)
  Rendered layout layouts/application.html.erb (Duration: 21.5ms | Allocations: 9745)
Completed 200 OK in 41ms (Views: 21.5ms | ActiveRecord: 1.6ms | Allocations: 12534)


Started GET "/members/new" for 127.0.0.1 at 2023-07-19 11:26:09 +0530
Processing by MembersController#new as HTML
  [1m[36mUser Load (0.2ms)[0m  [1m[34mSELECT "users".* FROM "users" WHERE "users"."id" = ? ORDER BY "users"."id" ASC LIMIT ?[0m  [["id", 1], ["LIMIT", 1]]
  Rendering layout layouts/application.html.erb
  Rendering members/new.html.erb within layouts/application
  Rendered members/new.html.erb within layouts/application (Duration: 3.0ms | Allocations: 2037)
  Rendered common/_navbar.html.erb (Duration: 1.0ms | Allocations: 480)
  Rendered layout layouts/application.html.erb (Duration: 15.6ms | Allocations: 9439)
Completed 200 OK in 44ms (Views: 17.5ms | ActiveRecord: 1.1ms | Allocations: 16211)


Started GET "/plan/edit" for 127.0.0.1 at 2023-07-19 11:26:12 +0530
Processing by TenantsController#edit as HTML
  [1m[36mUser Load (0.4ms)[0m  [1m[34mSELECT "users".* FROM "users" WHERE "users"."id" = ? ORDER BY "users"."id" ASC LIMIT ?[0m  [["id", 1], ["LIMIT", 1]]
  [1m[36mTenant Load (0.5ms)[0m  [1m[34mSELECT "tenants".* FROM "tenants" INNER JOIN "tenants_users" ON "tenants"."id" = "tenants_users"."tenant_id" WHERE "tenants_users"."user_id" = ? ORDER BY "tenants"."id" ASC LIMIT ?[0m  [["user_id", 1], ["LIMIT", 1]]
  ↳ app/controllers/application_controller.rb:5:in `current_tenant'
  [1m[36mTenant Load (0.3ms)[0m  [1m[34mSELECT "tenants".* FROM "tenants" WHERE "tenants"."id" = ? LIMIT ?[0m  [["id", 1], ["LIMIT", 1]]
  ↳ app/controllers/tenants_controller.rb:43:in `set_tenant'
  Rendering layout layouts/application.html.erb
  Rendering tenants/edit.html.erb within layouts/application
  [1m[36mPayment Load (0.7ms)[0m  [1m[34mSELECT "payments".* FROM "payments" WHERE "payments"."tenant_id" = ? LIMIT ?[0m  [["tenant_id", 1], ["LIMIT", 1]]
  ↳ app/helpers/application_helper.rb:43:in `class_name_for_tenant_form'
  Rendered tenants/edit.html.erb within layouts/application (Duration: 27.5ms | Allocations: 6135)
  Rendered common/_navbar.html.erb (Duration: 1.5ms | Allocations: 479)
  Rendered layout layouts/application.html.erb (Duration: 42.2ms | Allocations: 13528)
Completed 200 OK in 69ms (Views: 46.7ms | ActiveRecord: 2.4ms | Allocations: 17433)


Started GET "/users/edit" for 127.0.0.1 at 2023-07-19 11:26:16 +0530
Processing by RegistrationsController#edit as HTML
  [1m[36mUser Load (0.2ms)[0m  [1m[34mSELECT "users".* FROM "users" WHERE "users"."id" = ? ORDER BY "users"."id" ASC LIMIT ?[0m  [["id", 1], ["LIMIT", 1]]
  Rendering layout layouts/application.html.erb
  Rendering devise/registrations/edit.html.erb within layouts/application
  Rendered devise/registrations/edit.html.erb within layouts/application (Duration: 5.5ms | Allocations: 2182)
  Rendered common/_navbar.html.erb (Duration: 0.6ms | Allocations: 443)
  Rendered layout layouts/application.html.erb (Duration: 19.9ms | Allocations: 9328)
Completed 200 OK in 26ms (Views: 21.2ms | ActiveRecord: 0.2ms | Allocations: 11416)


Started DELETE "/users/sign_out" for 127.0.0.1 at 2023-07-19 11:26:31 +0530
Processing by Devise::SessionsController#destroy as HTML
  Parameters: {"authenticity_token"=>"[FILTERED]"}
  [1m[36mUser Load (0.2ms)[0m  [1m[34mSELECT "users".* FROM "users" WHERE "users"."id" = ? ORDER BY "users"."id" ASC LIMIT ?[0m  [["id", 1], ["LIMIT", 1]]
Redirected to http://127.0.0.1:3000/
Completed 303 See Other in 10ms (ActiveRecord: 0.2ms | Allocations: 3271)


Started GET "/" for 127.0.0.1 at 2023-07-19 11:26:31 +0530
Processing by HomeController#index as HTML
  Rendering layout layouts/application.html.erb
  Rendering home/index.html.erb within layouts/application
  Rendered home/index.html.erb within layouts/application (Duration: 0.6ms | Allocations: 168)
  Rendered common/_navbar.html.erb (Duration: 0.5ms | Allocations: 138)
  Rendered layout layouts/application.html.erb (Duration: 16.8ms | Allocations: 7223)
Completed 200 OK in 19ms (Views: 17.9ms | ActiveRecord: 0.0ms | Allocations: 7949)


Started GET "/" for 127.0.0.1 at 2023-07-20 10:58:22 +0530
  [1m[36mActiveRecord::SchemaMigration Pluck (0.2ms)[0m  [1m[34mSELECT "schema_migrations"."version" FROM "schema_migrations" ORDER BY "schema_migrations"."version" ASC[0m
Processing by HomeController#index as HTML
  Rendering layout layouts/application.html.erb
  Rendering home/index.html.erb within layouts/application
  Rendered home/index.html.erb within layouts/application (Duration: 2.5ms | Allocations: 920)
  Rendered common/_navbar.html.erb (Duration: 0.9ms | Allocations: 538)
  Rendered layout layouts/application.html.erb (Duration: 154.7ms | Allocations: 61046)
Completed 200 OK in 183ms (Views: 158.8ms | ActiveRecord: 0.0ms | Allocations: 66449)


Started GET "/" for 127.0.0.1 at 2023-07-20 11:00:26 +0530
Processing by HomeController#index as HTML
  Rendering layout layouts/application.html.erb
  Rendering home/index.html.erb within layouts/application
  Rendered home/index.html.erb within layouts/application (Duration: 1.7ms | Allocations: 580)
  Rendered common/_navbar.html.erb (Duration: 1.5ms | Allocations: 498)
  Rendered layout layouts/application.html.erb (Duration: 18.0ms | Allocations: 8343)
Completed 200 OK in 23ms (Views: 20.9ms | ActiveRecord: 0.0ms | Allocations: 9796)


Started GET "/" for 127.0.0.1 at 2023-07-20 11:00:42 +0530
Processing by HomeController#index as HTML
  Rendering layout layouts/application.html.erb
  Rendering home/index.html.erb within layouts/application
  Rendered home/index.html.erb within layouts/application (Duration: 2.2ms | Allocations: 580)
  Rendered common/_navbar.html.erb (Duration: 1.4ms | Allocations: 498)
  Rendered layout layouts/application.html.erb (Duration: 24.9ms | Allocations: 8345)
Completed 200 OK in 35ms (Views: 30.0ms | ActiveRecord: 0.0ms | Allocations: 9731)


Started GET "/" for 127.0.0.1 at 2023-07-20 11:00:43 +0530
Processing by HomeController#index as HTML
  Rendering layout layouts/application.html.erb
  Rendering home/index.html.erb within layouts/application
  Rendered home/index.html.erb within layouts/application (Duration: 1.2ms | Allocations: 141)
  Rendered common/_navbar.html.erb (Duration: 0.8ms | Allocations: 137)
  Rendered layout layouts/application.html.erb (Duration: 47.1ms | Allocations: 6982)
Completed 200 OK in 52ms (Views: 48.6ms | ActiveRecord: 0.0ms | Allocations: 7690)


Started GET "/" for 127.0.0.1 at 2023-07-20 11:00:45 +0530
Processing by HomeController#index as HTML
  Rendering layout layouts/application.html.erb
  Rendering home/index.html.erb within layouts/application
  Rendered home/index.html.erb within layouts/application (Duration: 0.7ms | Allocations: 141)
  Rendered common/_navbar.html.erb (Duration: 0.7ms | Allocations: 137)
  Rendered layout layouts/application.html.erb (Duration: 33.4ms | Allocations: 6983)
Completed 200 OK in 37ms (Views: 34.7ms | ActiveRecord: 0.0ms | Allocations: 7631)


Started GET "/" for 127.0.0.1 at 2023-07-20 11:00:58 +0530
Processing by HomeController#index as HTML
  Rendering layout layouts/application.html.erb
  Rendering home/index.html.erb within layouts/application
  Rendered home/index.html.erb within layouts/application (Duration: 0.9ms | Allocations: 305)
  Rendered common/_navbar.html.erb (Duration: 1.8ms | Allocations: 529)
  Rendered layout layouts/application.html.erb (Duration: 15.1ms | Allocations: 8244)
Completed 200 OK in 18ms (Views: 16.9ms | ActiveRecord: 0.0ms | Allocations: 9579)


Started GET "/" for 127.0.0.1 at 2023-07-20 11:01:04 +0530
Processing by HomeController#index as HTML
  Rendering layout layouts/application.html.erb
  Rendering home/index.html.erb within layouts/application
  Rendered home/index.html.erb within layouts/application (Duration: 1.7ms | Allocations: 579)
  Rendered common/_navbar.html.erb (Duration: 1.1ms | Allocations: 498)
  Rendered layout layouts/application.html.erb (Duration: 16.8ms | Allocations: 8342)
Completed 200 OK in 20ms (Views: 18.9ms | ActiveRecord: 0.0ms | Allocations: 9747)


Started GET "/" for 127.0.0.1 at 2023-07-20 11:01:50 +0530
Processing by HomeController#index as HTML
  Rendering layout layouts/application.html.erb
  Rendering home/index.html.erb within layouts/application
  Rendered home/index.html.erb within layouts/application (Duration: 1.7ms | Allocations: 580)
  Rendered common/_navbar.html.erb (Duration: 1.6ms | Allocations: 498)
  Rendered layout layouts/application.html.erb (Duration: 21.0ms | Allocations: 8343)
Completed 200 OK in 27ms (Views: 24.1ms | ActiveRecord: 0.0ms | Allocations: 9703)


Started GET "/" for 127.0.0.1 at 2023-07-20 11:02:12 +0530
Processing by HomeController#index as HTML
  Rendering layout layouts/application.html.erb
  Rendering home/index.html.erb within layouts/application
  Rendered home/index.html.erb within layouts/application (Duration: 1.4ms | Allocations: 580)
  Rendered common/_navbar.html.erb (Duration: 0.9ms | Allocations: 499)
  Rendered layout layouts/application.html.erb (Duration: 14.1ms | Allocations: 8348)
Completed 200 OK in 17ms (Views: 15.4ms | ActiveRecord: 0.0ms | Allocations: 9726)


Started GET "/" for 127.0.0.1 at 2023-07-20 11:02:52 +0530
Processing by HomeController#index as HTML
  Rendering layout layouts/application.html.erb
  Rendering home/index.html.erb within layouts/application
  Rendered home/index.html.erb within layouts/application (Duration: 1.4ms | Allocations: 580)
  Rendered common/_navbar.html.erb (Duration: 1.6ms | Allocations: 498)
  Rendered layout layouts/application.html.erb (Duration: 17.1ms | Allocations: 8465)
Completed 200 OK in 22ms (Views: 20.0ms | ActiveRecord: 0.0ms | Allocations: 9857)


Started GET "/" for 127.0.0.1 at 2023-07-20 11:03:06 +0530
Processing by HomeController#index as HTML
  Rendering layout layouts/application.html.erb
  Rendering home/index.html.erb within layouts/application
  Rendered home/index.html.erb within layouts/application (Duration: 0.3ms | Allocations: 141)
  Rendered common/_navbar.html.erb (Duration: 0.3ms | Allocations: 137)
  Rendered layout layouts/application.html.erb (Duration: 14.2ms | Allocations: 6982)
Completed 200 OK in 16ms (Views: 14.8ms | ActiveRecord: 0.0ms | Allocations: 7683)


Started GET "/" for 127.0.0.1 at 2023-07-20 11:03:08 +0530
Processing by HomeController#index as HTML
  Rendering layout layouts/application.html.erb
  Rendering home/index.html.erb within layouts/application
  Rendered home/index.html.erb within layouts/application (Duration: 1.5ms | Allocations: 580)
  Rendered common/_navbar.html.erb (Duration: 1.2ms | Allocations: 498)
  Rendered layout layouts/application.html.erb (Duration: 19.1ms | Allocations: 8343)
Completed 200 OK in 24ms (Views: 21.2ms | ActiveRecord: 0.0ms | Allocations: 9649)


Started GET "/" for 127.0.0.1 at 2023-07-20 11:03:13 +0530
Processing by HomeController#index as HTML
  Rendering layout layouts/application.html.erb
  Rendering home/index.html.erb within layouts/application
  Rendered home/index.html.erb within layouts/application (Duration: 1.1ms | Allocations: 141)
  Rendered common/_navbar.html.erb (Duration: 0.3ms | Allocations: 137)
  Rendered layout layouts/application.html.erb (Duration: 30.6ms | Allocations: 6979)
Completed 200 OK in 39ms (Views: 32.5ms | ActiveRecord: 0.0ms | Allocations: 7683)


Started GET "/" for 127.0.0.1 at 2023-07-20 11:03:15 +0530
Processing by HomeController#index as HTML
  Rendering layout layouts/application.html.erb
  Rendering home/index.html.erb within layouts/application
  Rendered home/index.html.erb within layouts/application (Duration: 1.5ms | Allocations: 580)
  Rendered common/_navbar.html.erb (Duration: 1.0ms | Allocations: 498)
  Rendered layout layouts/application.html.erb (Duration: 17.9ms | Allocations: 8343)
Completed 200 OK in 22ms (Views: 20.1ms | ActiveRecord: 0.0ms | Allocations: 9656)


Started GET "/" for 127.0.0.1 at 2023-07-20 11:03:21 +0530
Processing by HomeController#index as HTML
  Rendering layout layouts/application.html.erb
  Rendering home/index.html.erb within layouts/application
  Rendered home/index.html.erb within layouts/application (Duration: 4.2ms | Allocations: 580)
  Rendered common/_navbar.html.erb (Duration: 1.5ms | Allocations: 498)
  Rendered layout layouts/application.html.erb (Duration: 27.3ms | Allocations: 8343)
Completed 200 OK in 40ms (Views: 32.9ms | ActiveRecord: 0.0ms | Allocations: 9721)


Started GET "/" for 127.0.0.1 at 2023-07-20 11:03:33 +0530
Processing by HomeController#index as HTML
  Rendering layout layouts/application.html.erb
  Rendering home/index.html.erb within layouts/application
  Rendered home/index.html.erb within layouts/application (Duration: 1.2ms | Allocations: 580)
  Rendered common/_navbar.html.erb (Duration: 2.0ms | Allocations: 498)
  Rendered layout layouts/application.html.erb (Duration: 18.6ms | Allocations: 8343)
Completed 200 OK in 26ms (Views: 23.7ms | ActiveRecord: 0.0ms | Allocations: 9772)


Started GET "/" for 127.0.0.1 at 2023-07-20 11:04:24 +0530
Processing by HomeController#index as HTML
  Rendering layout layouts/application.html.erb
  Rendering home/index.html.erb within layouts/application
  Rendered home/index.html.erb within layouts/application (Duration: 1.2ms | Allocations: 580)
  Rendered common/_navbar.html.erb (Duration: 1.8ms | Allocations: 498)
  Rendered layout layouts/application.html.erb (Duration: 17.2ms | Allocations: 8343)
Completed 200 OK in 21ms (Views: 18.9ms | Allocations: 9720)


Started GET "/" for 127.0.0.1 at 2023-07-20 11:04:26 +0530
Processing by HomeController#index as HTML
  Rendering layout layouts/application.html.erb
  Rendering home/index.html.erb within layouts/application
  Rendered home/index.html.erb within layouts/application (Duration: 0.9ms | Allocations: 141)
  Rendered common/_navbar.html.erb (Duration: 0.3ms | Allocations: 137)
  Rendered layout layouts/application.html.erb (Duration: 24.6ms | Allocations: 6980)
Completed 200 OK in 27ms (Views: 25.2ms | Allocations: 7684)


Started GET "/" for 127.0.0.1 at 2023-07-20 11:05:07 +0530
Processing by HomeController#index as HTML
  Rendering layout layouts/application.html.erb
  Rendering home/index.html.erb within layouts/application
  Rendered home/index.html.erb within layouts/application (Duration: 4.2ms | Allocations: 585)
  Rendered common/_navbar.html.erb (Duration: 2.0ms | Allocations: 498)
  Rendered layout layouts/application.html.erb (Duration: 30.9ms | Allocations: 8471)
Completed 200 OK in 49ms (Views: 43.3ms | Allocations: 9785)


Started GET "/" for 127.0.0.1 at 2023-07-20 11:05:16 +0530
Processing by HomeController#index as HTML
  Rendering layout layouts/application.html.erb
  Rendering home/index.html.erb within layouts/application
  Rendered home/index.html.erb within layouts/application (Duration: 1.6ms | Allocations: 579)
  Rendered common/_navbar.html.erb (Duration: 1.1ms | Allocations: 498)
  Rendered layout layouts/application.html.erb (Duration: 17.1ms | Allocations: 8342)
Completed 200 OK in 21ms (Views: 19.2ms | Allocations: 9710)


Started GET "/" for 127.0.0.1 at 2023-07-20 11:05:20 +0530
Processing by HomeController#index as HTML
  Rendering layout layouts/application.html.erb
  Rendering home/index.html.erb within layouts/application
  Rendered home/index.html.erb within layouts/application (Duration: 0.8ms | Allocations: 141)
  Rendered common/_navbar.html.erb (Duration: 0.4ms | Allocations: 137)
  Rendered layout layouts/application.html.erb (Duration: 28.3ms | Allocations: 6979)
Completed 200 OK in 36ms (Views: 30.9ms | Allocations: 7664)


Started GET "/" for 127.0.0.1 at 2023-07-20 11:05:22 +0530
Processing by HomeController#index as HTML
  Rendering layout layouts/application.html.erb
  Rendering home/index.html.erb within layouts/application
  Rendered home/index.html.erb within layouts/application (Duration: 1.7ms | Allocations: 580)
  Rendered common/_navbar.html.erb (Duration: 2.8ms | Allocations: 498)
  Rendered layout layouts/application.html.erb (Duration: 32.3ms | Allocations: 8343)
Completed 200 OK in 48ms (Views: 45.7ms | Allocations: 9658)


Started GET "/" for 127.0.0.1 at 2023-07-20 11:05:42 +0530
Processing by HomeController#index as HTML
  Rendering layout layouts/application.html.erb
  Rendering home/index.html.erb within layouts/application
  Rendered home/index.html.erb within layouts/application (Duration: 1.9ms | Allocations: 579)
  Rendered common/_navbar.html.erb (Duration: 1.6ms | Allocations: 499)
  Rendered layout layouts/application.html.erb (Duration: 18.4ms | Allocations: 8343)
Completed 200 OK in 22ms (Views: 20.2ms | Allocations: 9717)


Started GET "/" for 127.0.0.1 at 2023-07-20 11:05:42 +0530
Processing by HomeController#index as HTML
  Rendering layout layouts/application.html.erb
  Rendering home/index.html.erb within layouts/application
  Rendered home/index.html.erb within layouts/application (Duration: 0.5ms | Allocations: 141)
  Rendered common/_navbar.html.erb (Duration: 0.4ms | Allocations: 137)
  Rendered layout layouts/application.html.erb (Duration: 16.2ms | Allocations: 6991)
Completed 200 OK in 20ms (Views: 19.0ms | Allocations: 7682)


Started GET "/" for 127.0.0.1 at 2023-07-20 11:05:55 +0530
Processing by HomeController#index as HTML
  Rendering layout layouts/application.html.erb
  Rendering home/index.html.erb within layouts/application
  Rendered home/index.html.erb within layouts/application (Duration: 5.6ms | Allocations: 580)
  Rendered common/_navbar.html.erb (Duration: 1.7ms | Allocations: 498)
  Rendered layout layouts/application.html.erb (Duration: 39.4ms | Allocations: 8343)
Completed 200 OK in 50ms (Views: 45.3ms | Allocations: 9646)


Started GET "/" for 127.0.0.1 at 2023-07-20 11:09:13 +0530
Processing by HomeController#index as HTML
  Rendering layout layouts/application.html.erb
  Rendering home/index.html.erb within layouts/application
  Rendered home/index.html.erb within layouts/application (Duration: 1.7ms | Allocations: 580)
  Rendered common/_navbar.html.erb (Duration: 1.0ms | Allocations: 498)
  Rendered layout layouts/application.html.erb (Duration: 17.5ms | Allocations: 8344)
Completed 200 OK in 21ms (Views: 19.5ms | Allocations: 9708)


Started GET "/users/sign_up?plan=free" for 127.0.0.1 at 2023-07-20 11:09:58 +0530
Processing by RegistrationsController#new as HTML
  Parameters: {"plan"=>"free"}
  Rendering layout layouts/application.html.erb
  Rendering devise/registrations/new.html.erb within layouts/application
  Rendered devise/shared/_links.html.erb (Duration: 1.7ms | Allocations: 684)
  Rendered devise/registrations/new.html.erb within layouts/application (Duration: 24.2ms | Allocations: 7260)
  Rendered common/_navbar.html.erb (Duration: 0.6ms | Allocations: 190)
  Rendered layout layouts/application.html.erb (Duration: 39.7ms | Allocations: 14338)
Completed 200 OK in 81ms (Views: 43.3ms | ActiveRecord: 1.5ms | Allocations: 27306)


Started POST "/users" for 127.0.0.1 at 2023-07-20 11:10:39 +0530
Processing by RegistrationsController#create as TURBO_STREAM
  Parameters: {"authenticity_token"=>"[FILTERED]", "user"=>{"email"=>"abhishek.sharma@w3villa.com", "password"=>"[FILTERED]", "password_confirmation"=>"[FILTERED]"}, "tenant"=>{"name"=>"w3villa", "plan"=>"premium"}, "payment"=>{"card_number"=>"9898", "card_cvv"=>"111", "card_expires_month"=>"1", "card_expires_year"=>"2023"}, "commit"=>"Sign up"}
  [1m[36mTRANSACTION (0.1ms)[0m  [1m[36mbegin transaction[0m
  ↳ app/controllers/registrations_controller.rb:30:in `block in create'
  [1m[36mTenant Exists? (0.2ms)[0m  [1m[34mSELECT 1 AS one FROM "tenants" WHERE "tenants"."name" = ? LIMIT ?[0m  [["name", "w3villa"], ["LIMIT", 1]]
  ↳ app/controllers/registrations_controller.rb:30:in `block in create'
  [1m[36mUser Exists? (0.1ms)[0m  [1m[34mSELECT 1 AS one FROM "users" WHERE "users"."email" = ? LIMIT ?[0m  [["email", "abhishek.sharma@w3villa.com"], ["LIMIT", 1]]
  ↳ app/controllers/registrations_controller.rb:50:in `block in create'
MILIA >>>>> [register user/org] tenant create failed - Name has already been taken
  Rendering layout layouts/application.html.erb
  Rendering devise/registrations/new.html.erb within layouts/application
  Rendered devise/shared/_links.html.erb (Duration: 0.2ms | Allocations: 102)
  Rendered devise/registrations/new.html.erb within layouts/application (Duration: 19.3ms | Allocations: 5380)
  Rendered common/_navbar.html.erb (Duration: 0.6ms | Allocations: 147)
  Rendered layout layouts/application.html.erb (Duration: 31.3ms | Allocations: 12463)
  [1m[36mCACHE User Exists? (0.0ms)[0m  [1m[34mSELECT 1 AS one FROM "users" WHERE "users"."email" = ? LIMIT ?[0m  [["email", "abhishek.sharma@w3villa.com"], ["LIMIT", 1]]
  ↳ app/controllers/registrations_controller.rb:135:in `devise_create'
  [1m[36mCACHE Tenant Exists? (0.0ms)[0m  [1m[34mSELECT 1 AS one FROM "tenants" WHERE "tenants"."name" = ? LIMIT ?[0m  [["name", "w3villa"], ["LIMIT", 1]]
  ↳ app/controllers/registrations_controller.rb:135:in `devise_create'
MILIA >>>>> [register user/org] devise: signup user failure - Email has already been taken, Password confirmation doesn't match Password, Tenants is invalid
  [1m[36mTRANSACTION (0.1ms)[0m  [1m[31mrollback transaction[0m
  ↳ app/controllers/registrations_controller.rb:29:in `create'
Completed 500 Internal Server Error in 627ms (Views: 31.9ms | ActiveRecord: 1.7ms | Allocations: 37875)


  
AbstractController::DoubleRenderError (Render and/or redirect were called multiple times in this action. Please note that you may only call render OR redirect, and at most once per action. Also note that neither redirect nor render terminate execution of the action, so if you want to exit an action after redirecting, you need to do something like "redirect_to(...) and return".):
  
app/controllers/registrations_controller.rb:151:in `devise_create'
app/controllers/registrations_controller.rb:59:in `block in create'
app/controllers/registrations_controller.rb:29:in `create'
Started GET "/" for 127.0.0.1 at 2023-07-20 11:10:46 +0530
Processing by HomeController#index as HTML
  Rendering layout layouts/application.html.erb
  Rendering home/index.html.erb within layouts/application
  Rendered home/index.html.erb within layouts/application (Duration: 0.7ms | Allocations: 175)
  Rendered common/_navbar.html.erb (Duration: 0.6ms | Allocations: 138)
  Rendered layout layouts/application.html.erb (Duration: 24.1ms | Allocations: 7266)
Completed 200 OK in 27ms (Views: 25.4ms | ActiveRecord: 0.0ms | Allocations: 8006)


Started GET "/" for 127.0.0.1 at 2023-07-20 11:10:46 +0530
Processing by HomeController#index as HTML
  Rendering layout layouts/application.html.erb
  Rendering home/index.html.erb within layouts/application
  Rendered home/index.html.erb within layouts/application (Duration: 0.7ms | Allocations: 141)
  Rendered common/_navbar.html.erb (Duration: 0.5ms | Allocations: 137)
  Rendered layout layouts/application.html.erb (Duration: 17.8ms | Allocations: 6979)
Completed 200 OK in 24ms (Views: 22.7ms | ActiveRecord: 0.0ms | Allocations: 7587)


Started GET "/" for 127.0.0.1 at 2023-07-20 11:14:23 +0530
Processing by HomeController#index as HTML
  Rendering layout layouts/application.html.erb
  Rendering home/index.html.erb within layouts/application
  Rendered home/index.html.erb within layouts/application (Duration: 2.0ms | Allocations: 570)
  Rendered common/_navbar.html.erb (Duration: 1.3ms | Allocations: 498)
  Rendered layout layouts/application.html.erb (Duration: 22.4ms | Allocations: 8333)
Completed 200 OK in 30ms (Views: 25.7ms | ActiveRecord: 0.0ms | Allocations: 9631)


Started GET "/" for 127.0.0.1 at 2023-07-20 11:14:40 +0530
Processing by HomeController#index as HTML
  Rendering layout layouts/application.html.erb
  Rendering home/index.html.erb within layouts/application
  Rendered home/index.html.erb within layouts/application (Duration: 1.3ms | Allocations: 570)
  Rendered common/_navbar.html.erb (Duration: 1.0ms | Allocations: 498)
  Rendered layout layouts/application.html.erb (Duration: 14.4ms | Allocations: 8333)
Completed 200 OK in 17ms (Views: 16.0ms | ActiveRecord: 0.0ms | Allocations: 9717)


Started GET "/" for 127.0.0.1 at 2023-07-20 11:14:49 +0530
Processing by HomeController#index as HTML
  Rendering layout layouts/application.html.erb
  Rendering home/index.html.erb within layouts/application
  Rendered home/index.html.erb within layouts/application (Duration: 2.5ms | Allocations: 570)
  Rendered common/_navbar.html.erb (Duration: 1.0ms | Allocations: 498)
  Rendered layout layouts/application.html.erb (Duration: 15.1ms | Allocations: 8333)
Completed 200 OK in 20ms (Views: 17.7ms | ActiveRecord: 0.0ms | Allocations: 9708)


Started GET "/users/sign_up?plan=free" for 127.0.0.1 at 2023-07-20 11:14:55 +0530
Processing by RegistrationsController#new as HTML
  Parameters: {"plan"=>"free"}
  Rendering layout layouts/application.html.erb
  Rendering devise/registrations/new.html.erb within layouts/application
  Rendered devise/shared/_links.html.erb (Duration: 2.4ms | Allocations: 556)
  Rendered devise/registrations/new.html.erb within layouts/application (Duration: 13.4ms | Allocations: 4511)
  Rendered common/_navbar.html.erb (Duration: 0.8ms | Allocations: 187)
  Rendered layout layouts/application.html.erb (Duration: 31.8ms | Allocations: 11701)
Completed 200 OK in 37ms (Views: 35.2ms | ActiveRecord: 0.0ms | Allocations: 13232)


Started GET "/" for 127.0.0.1 at 2023-07-20 11:15:22 +0530
Processing by HomeController#index as HTML
  Rendering layout layouts/application.html.erb
  Rendering home/index.html.erb within layouts/application
  Rendered home/index.html.erb within layouts/application (Duration: 2.0ms | Allocations: 569)
  Rendered common/_navbar.html.erb (Duration: 1.8ms | Allocations: 498)
  Rendered layout layouts/application.html.erb (Duration: 22.5ms | Allocations: 8332)
Completed 200 OK in 28ms (Views: 25.6ms | ActiveRecord: 0.0ms | Allocations: 9704)


Started GET "/" for 127.0.0.1 at 2023-07-20 11:15:23 +0530
Processing by HomeController#index as HTML
  Rendering layout layouts/application.html.erb
  Rendering home/index.html.erb within layouts/application
  Rendered home/index.html.erb within layouts/application (Duration: 0.5ms | Allocations: 141)
  Rendered common/_navbar.html.erb (Duration: 0.3ms | Allocations: 137)
  Rendered layout layouts/application.html.erb (Duration: 24.2ms | Allocations: 6979)
Completed 200 OK in 28ms (Views: 26.2ms | ActiveRecord: 0.0ms | Allocations: 7677)


Started GET "/" for 127.0.0.1 at 2023-07-20 11:15:25 +0530
Processing by HomeController#index as HTML
  Rendering layout layouts/application.html.erb
  Rendering home/index.html.erb within layouts/application
  Rendered home/index.html.erb within layouts/application (Duration: 0.4ms | Allocations: 141)
  Rendered common/_navbar.html.erb (Duration: 0.7ms | Allocations: 137)
  Rendered layout layouts/application.html.erb (Duration: 13.8ms | Allocations: 6979)
Completed 200 OK in 16ms (Views: 14.4ms | ActiveRecord: 0.0ms | Allocations: 7599)


Started GET "/" for 127.0.0.1 at 2023-07-20 11:15:37 +0530
Processing by HomeController#index as HTML
  Rendering layout layouts/application.html.erb
  Rendering home/index.html.erb within layouts/application
  Rendered home/index.html.erb within layouts/application (Duration: 2.5ms | Allocations: 569)
  Rendered common/_navbar.html.erb (Duration: 1.8ms | Allocations: 499)
  Rendered layout layouts/application.html.erb (Duration: 26.3ms | Allocations: 8333)
Completed 200 OK in 35ms (Views: 30.7ms | ActiveRecord: 0.0ms | Allocations: 9636)


Started GET "/" for 127.0.0.1 at 2023-07-20 11:15:39 +0530
Processing by HomeController#index as HTML
  Rendering layout layouts/application.html.erb
  Rendering home/index.html.erb within layouts/application
  Rendered home/index.html.erb within layouts/application (Duration: 1.4ms | Allocations: 569)
  Rendered common/_navbar.html.erb (Duration: 0.9ms | Allocations: 499)
  Rendered layout layouts/application.html.erb (Duration: 15.9ms | Allocations: 8333)
Completed 200 OK in 20ms (Views: 17.8ms | ActiveRecord: 0.0ms | Allocations: 9715)


Started GET "/" for 127.0.0.1 at 2023-07-20 11:15:41 +0530
Processing by HomeController#index as HTML
  Rendering layout layouts/application.html.erb
  Rendering home/index.html.erb within layouts/application
  Rendered home/index.html.erb within layouts/application (Duration: 1.2ms | Allocations: 141)
  Rendered common/_navbar.html.erb (Duration: 0.6ms | Allocations: 137)
  Rendered layout layouts/application.html.erb (Duration: 56.9ms | Allocations: 6998)
Completed 200 OK in 62ms (Views: 59.1ms | ActiveRecord: 0.0ms | Allocations: 7684)


Started GET "/" for 127.0.0.1 at 2023-07-20 11:16:00 +0530
Processing by HomeController#index as HTML
  Rendering layout layouts/application.html.erb
  Rendering home/index.html.erb within layouts/application
  Rendered home/index.html.erb within layouts/application (Duration: 4.1ms | Allocations: 569)
  Rendered common/_navbar.html.erb (Duration: 1.9ms | Allocations: 498)
  Rendered layout layouts/application.html.erb (Duration: 26.1ms | Allocations: 8413)
Completed 200 OK in 34ms (Views: 31.0ms | ActiveRecord: 0.0ms | Allocations: 9735)


Started GET "/" for 127.0.0.1 at 2023-07-20 11:16:01 +0530
Processing by HomeController#index as HTML
  Rendering layout layouts/application.html.erb
  Rendering home/index.html.erb within layouts/application
  Rendered home/index.html.erb within layouts/application (Duration: 3.8ms | Allocations: 569)
  Rendered common/_navbar.html.erb (Duration: 1.6ms | Allocations: 499)
  Rendered layout layouts/application.html.erb (Duration: 27.2ms | Allocations: 8308)
Completed 200 OK in 34ms (Views: 31.3ms | ActiveRecord: 0.0ms | Allocations: 9686)


Started GET "/" for 127.0.0.1 at 2023-07-20 11:16:08 +0530
Processing by HomeController#index as HTML
  Rendering layout layouts/application.html.erb
  Rendering home/index.html.erb within layouts/application
  Rendered home/index.html.erb within layouts/application (Duration: 2.1ms | Allocations: 569)
  Rendered common/_navbar.html.erb (Duration: 1.5ms | Allocations: 498)
  Rendered layout layouts/application.html.erb (Duration: 18.2ms | Allocations: 8307)
Completed 200 OK in 22ms (Views: 20.8ms | ActiveRecord: 0.0ms | Allocations: 9688)


Started GET "/" for 127.0.0.1 at 2023-07-20 11:17:13 +0530
Processing by HomeController#index as HTML
  Rendering layout layouts/application.html.erb
  Rendering home/index.html.erb within layouts/application
  Rendered home/index.html.erb within layouts/application (Duration: 1.4ms | Allocations: 569)
  Rendered common/_navbar.html.erb (Duration: 1.0ms | Allocations: 499)
  Rendered layout layouts/application.html.erb (Duration: 17.6ms | Allocations: 8308)
Completed 200 OK in 22ms (Views: 20.4ms | Allocations: 9673)


Started GET "/users/sign_up?plan=free" for 127.0.0.1 at 2023-07-20 11:17:31 +0530
Processing by RegistrationsController#new as HTML
  Parameters: {"plan"=>"free"}
  Rendering layout layouts/application.html.erb
  Rendering devise/registrations/new.html.erb within layouts/application
  Rendered devise/shared/_links.html.erb (Duration: 1.7ms | Allocations: 556)
  Rendered devise/registrations/new.html.erb within layouts/application (Duration: 17.0ms | Allocations: 4512)
  Rendered common/_navbar.html.erb (Duration: 0.4ms | Allocations: 187)
  Rendered layout layouts/application.html.erb (Duration: 34.0ms | Allocations: 11702)
Completed 200 OK in 42ms (Views: 38.3ms | Allocations: 13228)


Started GET "/users/sign_in" for 127.0.0.1 at 2023-07-20 11:17:36 +0530
Processing by Devise::SessionsController#new as HTML
  Rendering layout layouts/application.html.erb
  Rendering devise/sessions/new.html.erb within layouts/application
  Rendered devise/shared/_links.html.erb (Duration: 1.7ms | Allocations: 334)
  Rendered devise/sessions/new.html.erb within layouts/application (Duration: 13.6ms | Allocations: 2593)
  Rendered common/_navbar.html.erb (Duration: 0.3ms | Allocations: 189)
  Rendered layout layouts/application.html.erb (Duration: 27.3ms | Allocations: 9681)
Completed 200 OK in 35ms (Views: 29.6ms | Allocations: 11598)


Started POST "/users/sign_in" for 127.0.0.1 at 2023-07-20 11:17:40 +0530
Processing by Devise::SessionsController#create as TURBO_STREAM
  Parameters: {"authenticity_token"=>"[FILTERED]", "user"=>{"email"=>"abhishek.sharma@w3villa.com", "password"=>"[FILTERED]", "remember_me"=>"1"}, "commit"=>"Log in"}
  [1m[36mUser Load (0.3ms)[0m  [1m[34mSELECT "users".* FROM "users" WHERE "users"."email" = ? ORDER BY "users"."id" ASC LIMIT ?[0m  [["email", "abhishek.sharma@w3villa.com"], ["LIMIT", 1]]
  [1m[36mTRANSACTION (0.1ms)[0m  [1m[36mbegin transaction[0m
  [1m[36mUser Update (0.3ms)[0m  [1m[33mUPDATE "users" SET "remember_created_at" = ?, "updated_at" = ? WHERE "users"."id" = ?[0m  [["remember_created_at", "2023-07-20 05:47:40.778699"], ["updated_at", "2023-07-20 05:47:40.779287"], ["id", 1]]
  [1m[36mTRANSACTION (6.6ms)[0m  [1m[36mcommit transaction[0m
  [1m[36mTRANSACTION (0.1ms)[0m  [1m[36mbegin transaction[0m
  [1m[36mUser Update (0.3ms)[0m  [1m[33mUPDATE "users" SET "sign_in_count" = ?, "current_sign_in_at" = ?, "updated_at" = ? WHERE "users"."id" = ?[0m  [["sign_in_count", 2], ["current_sign_in_at", "2023-07-20 05:47:40.792630"], ["updated_at", "2023-07-20 05:47:40.792864"], ["id", 1]]
  [1m[36mTRANSACTION (4.0ms)[0m  [1m[36mcommit transaction[0m
Redirected to http://127.0.0.1:3000/
Completed 303 See Other in 306ms (ActiveRecord: 12.4ms | Allocations: 12526)


Started GET "/" for 127.0.0.1 at 2023-07-20 11:17:40 +0530
Processing by HomeController#index as TURBO_STREAM
  [1m[36mUser Load (0.3ms)[0m  [1m[34mSELECT "users".* FROM "users" WHERE "users"."id" = ? ORDER BY "users"."id" ASC LIMIT ?[0m  [["id", 1], ["LIMIT", 1]]
  ↳ app/controllers/home_controller.rb:3:in `index'
  [1m[36mTenant Load (0.3ms)[0m  [1m[34mSELECT "tenants".* FROM "tenants" INNER JOIN "tenants_users" ON "tenants"."id" = "tenants_users"."tenant_id" WHERE "tenants_users"."user_id" = ? ORDER BY "tenants"."id" ASC LIMIT ?[0m  [["user_id", 1], ["LIMIT", 1]]
  ↳ app/controllers/application_controller.rb:5:in `current_tenant'
  [1m[36mTenant Load (0.2ms)[0m  [1m[34mSELECT "tenants".* FROM "tenants" WHERE "tenants"."id" = ? LIMIT ?[0m  [["id", 1], ["LIMIT", 1]]
  ↳ app/models/project.rb:16:in `by_user_plan_and_tenant'
  Rendering layout layouts/application.html.erb
  Rendering home/index.html.erb within layouts/application
  [1m[36mProject Count (0.2ms)[0m  [1m[34mSELECT COUNT(*) FROM (SELECT 1 AS one FROM "projects" WHERE "projects"."tenant_id" = ? ORDER BY "projects"."id" ASC LIMIT ?) subquery_for_count[0m  [["tenant_id", 1], ["LIMIT", 1]]
  ↳ app/views/projects/_list.html.erb:3
  [1m[36mProject Load (0.2ms)[0m  [1m[34mSELECT "projects".* FROM "projects" WHERE "projects"."tenant_id" = ? ORDER BY "projects"."id" ASC LIMIT ?[0m  [["tenant_id", 1], ["LIMIT", 1]]
  ↳ app/views/projects/_list.html.erb:14
  [1m[36mProject Count (0.2ms)[0m  [1m[34mSELECT COUNT(*) FROM "projects" WHERE "projects"."tenant_id" = ?[0m  [["tenant_id", 1]]
  ↳ app/models/tenant.rb:12:in `can_create_project?'
  Rendered projects/_list.html.erb (Duration: 12.4ms | Allocations: 7177)
  Rendered home/index.html.erb within layouts/application (Duration: 12.8ms | Allocations: 7372)
  Rendered common/_navbar.html.erb (Duration: 0.5ms | Allocations: 471)
  Rendered layout layouts/application.html.erb (Duration: 24.9ms | Allocations: 14736)
Completed 200 OK in 42ms (Views: 24.8ms | ActiveRecord: 1.7ms | Allocations: 22621)


Started GET "/members/new" for 127.0.0.1 at 2023-07-20 11:18:00 +0530
Processing by MembersController#new as HTML
  [1m[36mUser Load (0.2ms)[0m  [1m[34mSELECT "users".* FROM "users" WHERE "users"."id" = ? ORDER BY "users"."id" ASC LIMIT ?[0m  [["id", 1], ["LIMIT", 1]]
  Rendering layout layouts/application.html.erb
  Rendering members/new.html.erb within layouts/application
  Rendered members/new.html.erb within layouts/application (Duration: 5.6ms | Allocations: 2044)
  Rendered common/_navbar.html.erb (Duration: 1.2ms | Allocations: 480)
  Rendered layout layouts/application.html.erb (Duration: 23.8ms | Allocations: 9569)
Completed 200 OK in 51ms (Views: 26.8ms | ActiveRecord: 1.2ms | Allocations: 16249)


Started GET "/plan/edit" for 127.0.0.1 at 2023-07-20 11:18:03 +0530
Processing by TenantsController#edit as HTML
  [1m[36mUser Load (0.2ms)[0m  [1m[34mSELECT "users".* FROM "users" WHERE "users"."id" = ? ORDER BY "users"."id" ASC LIMIT ?[0m  [["id", 1], ["LIMIT", 1]]
  [1m[36mTenant Load (0.2ms)[0m  [1m[34mSELECT "tenants".* FROM "tenants" INNER JOIN "tenants_users" ON "tenants"."id" = "tenants_users"."tenant_id" WHERE "tenants_users"."user_id" = ? ORDER BY "tenants"."id" ASC LIMIT ?[0m  [["user_id", 1], ["LIMIT", 1]]
  ↳ app/controllers/application_controller.rb:5:in `current_tenant'
  [1m[36mTenant Load (0.2ms)[0m  [1m[34mSELECT "tenants".* FROM "tenants" WHERE "tenants"."id" = ? LIMIT ?[0m  [["id", 1], ["LIMIT", 1]]
  ↳ app/controllers/tenants_controller.rb:43:in `set_tenant'
  Rendering layout layouts/application.html.erb
  Rendering tenants/edit.html.erb within layouts/application
  [1m[36mPayment Load (0.3ms)[0m  [1m[34mSELECT "payments".* FROM "payments" WHERE "payments"."tenant_id" = ? LIMIT ?[0m  [["tenant_id", 1], ["LIMIT", 1]]
  ↳ app/helpers/application_helper.rb:43:in `class_name_for_tenant_form'
  Rendered tenants/edit.html.erb within layouts/application (Duration: 16.3ms | Allocations: 5880)
  Rendered common/_navbar.html.erb (Duration: 1.0ms | Allocations: 479)
  Rendered layout layouts/application.html.erb (Duration: 34.2ms | Allocations: 13273)
Completed 200 OK in 47ms (Views: 35.5ms | ActiveRecord: 1.7ms | Allocations: 17206)


Started GET "/" for 127.0.0.1 at 2023-07-20 11:18:05 +0530
Processing by HomeController#index as HTML
  [1m[36mUser Load (0.4ms)[0m  [1m[34mSELECT "users".* FROM "users" WHERE "users"."id" = ? ORDER BY "users"."id" ASC LIMIT ?[0m  [["id", 1], ["LIMIT", 1]]
  ↳ app/controllers/home_controller.rb:3:in `index'
  [1m[36mTenant Load (0.4ms)[0m  [1m[34mSELECT "tenants".* FROM "tenants" INNER JOIN "tenants_users" ON "tenants"."id" = "tenants_users"."tenant_id" WHERE "tenants_users"."user_id" = ? ORDER BY "tenants"."id" ASC LIMIT ?[0m  [["user_id", 1], ["LIMIT", 1]]
  ↳ app/controllers/application_controller.rb:5:in `current_tenant'
  [1m[36mTenant Load (0.4ms)[0m  [1m[34mSELECT "tenants".* FROM "tenants" WHERE "tenants"."id" = ? LIMIT ?[0m  [["id", 1], ["LIMIT", 1]]
  ↳ app/models/project.rb:16:in `by_user_plan_and_tenant'
  Rendering layout layouts/application.html.erb
  Rendering home/index.html.erb within layouts/application
  [1m[36mProject Count (0.5ms)[0m  [1m[34mSELECT COUNT(*) FROM (SELECT 1 AS one FROM "projects" WHERE "projects"."tenant_id" = ? ORDER BY "projects"."id" ASC LIMIT ?) subquery_for_count[0m  [["tenant_id", 1], ["LIMIT", 1]]
  ↳ app/views/projects/_list.html.erb:3
  [1m[36mProject Load (0.2ms)[0m  [1m[34mSELECT "projects".* FROM "projects" WHERE "projects"."tenant_id" = ? ORDER BY "projects"."id" ASC LIMIT ?[0m  [["tenant_id", 1], ["LIMIT", 1]]
  ↳ app/views/projects/_list.html.erb:14
  [1m[36mProject Count (0.3ms)[0m  [1m[34mSELECT COUNT(*) FROM "projects" WHERE "projects"."tenant_id" = ?[0m  [["tenant_id", 1]]
  ↳ app/models/tenant.rb:12:in `can_create_project?'
  Rendered projects/_list.html.erb (Duration: 16.2ms | Allocations: 2606)
  Rendered home/index.html.erb within layouts/application (Duration: 16.7ms | Allocations: 2672)
  Rendered common/_navbar.html.erb (Duration: 1.4ms | Allocations: 429)
  Rendered layout layouts/application.html.erb (Duration: 54.3ms | Allocations: 9913)
Completed 200 OK in 89ms (Views: 55.0ms | ActiveRecord: 2.3ms | Allocations: 12864)


Started GET "/" for 127.0.0.1 at 2023-07-20 11:18:07 +0530
Processing by HomeController#index as HTML
  [1m[36mUser Load (0.5ms)[0m  [1m[34mSELECT "users".* FROM "users" WHERE "users"."id" = ? ORDER BY "users"."id" ASC LIMIT ?[0m  [["id", 1], ["LIMIT", 1]]
  ↳ app/controllers/home_controller.rb:3:in `index'
  [1m[36mTenant Load (0.8ms)[0m  [1m[34mSELECT "tenants".* FROM "tenants" INNER JOIN "tenants_users" ON "tenants"."id" = "tenants_users"."tenant_id" WHERE "tenants_users"."user_id" = ? ORDER BY "tenants"."id" ASC LIMIT ?[0m  [["user_id", 1], ["LIMIT", 1]]
  ↳ app/controllers/application_controller.rb:5:in `current_tenant'
  [1m[36mTenant Load (0.2ms)[0m  [1m[34mSELECT "tenants".* FROM "tenants" WHERE "tenants"."id" = ? LIMIT ?[0m  [["id", 1], ["LIMIT", 1]]
  ↳ app/models/project.rb:16:in `by_user_plan_and_tenant'
  Rendering layout layouts/application.html.erb
  Rendering home/index.html.erb within layouts/application
  [1m[36mProject Count (0.3ms)[0m  [1m[34mSELECT COUNT(*) FROM (SELECT 1 AS one FROM "projects" WHERE "projects"."tenant_id" = ? ORDER BY "projects"."id" ASC LIMIT ?) subquery_for_count[0m  [["tenant_id", 1], ["LIMIT", 1]]
  ↳ app/views/projects/_list.html.erb:3
  [1m[36mProject Load (0.2ms)[0m  [1m[34mSELECT "projects".* FROM "projects" WHERE "projects"."tenant_id" = ? ORDER BY "projects"."id" ASC LIMIT ?[0m  [["tenant_id", 1], ["LIMIT", 1]]
  ↳ app/views/projects/_list.html.erb:14
  [1m[36mProject Count (0.3ms)[0m  [1m[34mSELECT COUNT(*) FROM "projects" WHERE "projects"."tenant_id" = ?[0m  [["tenant_id", 1]]
  ↳ app/models/tenant.rb:12:in `can_create_project?'
  Rendered projects/_list.html.erb (Duration: 11.3ms | Allocations: 2557)
  Rendered home/index.html.erb within layouts/application (Duration: 11.8ms | Allocations: 2623)
  Rendered common/_navbar.html.erb (Duration: 0.9ms | Allocations: 429)
  Rendered layout layouts/application.html.erb (Duration: 31.3ms | Allocations: 9868)
Completed 200 OK in 67ms (Views: 31.8ms | ActiveRecord: 2.2ms | Allocations: 12727)


Started GET "/" for 127.0.0.1 at 2023-07-20 11:18:08 +0530
Processing by HomeController#index as HTML
  [1m[36mUser Load (0.4ms)[0m  [1m[34mSELECT "users".* FROM "users" WHERE "users"."id" = ? ORDER BY "users"."id" ASC LIMIT ?[0m  [["id", 1], ["LIMIT", 1]]
  ↳ app/controllers/home_controller.rb:3:in `index'
  [1m[36mTenant Load (0.8ms)[0m  [1m[34mSELECT "tenants".* FROM "tenants" INNER JOIN "tenants_users" ON "tenants"."id" = "tenants_users"."tenant_id" WHERE "tenants_users"."user_id" = ? ORDER BY "tenants"."id" ASC LIMIT ?[0m  [["user_id", 1], ["LIMIT", 1]]
  ↳ app/controllers/application_controller.rb:5:in `current_tenant'
  [1m[36mTenant Load (0.9ms)[0m  [1m[34mSELECT "tenants".* FROM "tenants" WHERE "tenants"."id" = ? LIMIT ?[0m  [["id", 1], ["LIMIT", 1]]
  ↳ app/models/project.rb:16:in `by_user_plan_and_tenant'
  Rendering layout layouts/application.html.erb
  Rendering home/index.html.erb within layouts/application
  [1m[36mProject Count (0.8ms)[0m  [1m[34mSELECT COUNT(*) FROM (SELECT 1 AS one FROM "projects" WHERE "projects"."tenant_id" = ? ORDER BY "projects"."id" ASC LIMIT ?) subquery_for_count[0m  [["tenant_id", 1], ["LIMIT", 1]]
  ↳ app/views/projects/_list.html.erb:3
  [1m[36mProject Load (0.4ms)[0m  [1m[34mSELECT "projects".* FROM "projects" WHERE "projects"."tenant_id" = ? ORDER BY "projects"."id" ASC LIMIT ?[0m  [["tenant_id", 1], ["LIMIT", 1]]
  ↳ app/views/projects/_list.html.erb:14
  [1m[36mProject Count (0.5ms)[0m  [1m[34mSELECT COUNT(*) FROM "projects" WHERE "projects"."tenant_id" = ?[0m  [["tenant_id", 1]]
  ↳ app/models/tenant.rb:12:in `can_create_project?'
  Rendered projects/_list.html.erb (Duration: 19.6ms | Allocations: 2557)
  Rendered home/index.html.erb within layouts/application (Duration: 20.4ms | Allocations: 2623)
  Rendered common/_navbar.html.erb (Duration: 1.6ms | Allocations: 429)
  Rendered layout layouts/application.html.erb (Duration: 43.1ms | Allocations: 9745)
Completed 200 OK in 74ms (Views: 43.9ms | ActiveRecord: 3.8ms | Allocations: 12576)


Started GET "/" for 127.0.0.1 at 2023-07-20 11:22:11 +0530
Processing by HomeController#index as HTML
  [1m[36mUser Load (0.2ms)[0m  [1m[34mSELECT "users".* FROM "users" WHERE "users"."id" = ? ORDER BY "users"."id" ASC LIMIT ?[0m  [["id", 1], ["LIMIT", 1]]
  ↳ app/controllers/home_controller.rb:3:in `index'
  [1m[36mTenant Load (0.1ms)[0m  [1m[34mSELECT "tenants".* FROM "tenants" INNER JOIN "tenants_users" ON "tenants"."id" = "tenants_users"."tenant_id" WHERE "tenants_users"."user_id" = ? ORDER BY "tenants"."id" ASC LIMIT ?[0m  [["user_id", 1], ["LIMIT", 1]]
  ↳ app/controllers/application_controller.rb:5:in `current_tenant'
  [1m[36mTenant Load (0.1ms)[0m  [1m[34mSELECT "tenants".* FROM "tenants" WHERE "tenants"."id" = ? LIMIT ?[0m  [["id", 1], ["LIMIT", 1]]
  ↳ app/models/project.rb:16:in `by_user_plan_and_tenant'
  Rendering layout layouts/application.html.erb
  Rendering home/index.html.erb within layouts/application
  [1m[36mProject Count (0.2ms)[0m  [1m[34mSELECT COUNT(*) FROM (SELECT 1 AS one FROM "projects" WHERE "projects"."tenant_id" = ? ORDER BY "projects"."id" ASC LIMIT ?) subquery_for_count[0m  [["tenant_id", 1], ["LIMIT", 1]]
  ↳ app/views/projects/_list.html.erb:3
  [1m[36mProject Load (0.2ms)[0m  [1m[34mSELECT "projects".* FROM "projects" WHERE "projects"."tenant_id" = ? ORDER BY "projects"."id" ASC LIMIT ?[0m  [["tenant_id", 1], ["LIMIT", 1]]
  ↳ app/views/projects/_list.html.erb:14
  [1m[36mProject Count (0.2ms)[0m  [1m[34mSELECT COUNT(*) FROM "projects" WHERE "projects"."tenant_id" = ?[0m  [["tenant_id", 1]]
  ↳ app/models/tenant.rb:12:in `can_create_project?'
  Rendered projects/_list.html.erb (Duration: 7.6ms | Allocations: 3283)
  Rendered home/index.html.erb within layouts/application (Duration: 8.8ms | Allocations: 3789)
  Rendered common/_navbar.html.erb (Duration: 1.2ms | Allocations: 803)
  Rendered layout layouts/application.html.erb (Duration: 20.2ms | Allocations: 11795)
Completed 200 OK in 31ms (Views: 21.9ms | ActiveRecord: 0.9ms | Allocations: 15307)


